=== Combined Object Pose Correction Log ===

============================================================
Object Pose Correction Log for obj 1
============================================================

==================================================
Processing Frame 0 (index 0)
==================================================

--- Step 1: Position Outlier Detection ---
  No position outlier detected.

--- First frame, no rotation correction needed ---
==================================================
Processing Frame 1 (index 1)
==================================================

--- Step 1: Position Outlier Detection ---
  No position outlier detected.

--- Step 2: Axis Angle Orientation Check ---
  X-axis angle: 6.23 deg
  Y-axis angle: 6.09 deg
  Z-axis angle: 1.55 deg
  Criteria not met, proceeding to Step 3.

--- Step 3: Specific Angle Range Rotation Correction ---
  Trigger ranges: [60.0-120.0] deg or [140.0-180.0] deg
  OR: 1 axis deviation <=10.0 deg, 2 axes deviation >=50.0 deg (diff <=10.0 deg), rotation angle >=50.0 deg
  OR: 1 axis deviation <=15.0 deg, 2 axes deviation >=145.0 deg (diff <=10.0 deg), rotation angle >=145.0 deg
  Relative rotation from frame 0:
    Rotation angle: 6.26 deg
    Rotation axis: [-0.09568263563927801, -0.22878072702188998, -0.9687642706977052]
  Angle not in trigger range, no correction needed.
==================================================
Processing Frame 2 (index 2)
==================================================

--- Step 1: Position Outlier Detection ---
  No position outlier detected.

--- Step 2: Axis Angle Orientation Check ---
  X-axis angle: 11.25 deg
  Y-axis angle: 10.87 deg
  Z-axis angle: 4.13 deg
  Criteria not met, proceeding to Step 3.

--- Step 3: Specific Angle Range Rotation Correction ---
  Trigger ranges: [60.0-120.0] deg or [140.0-180.0] deg
  OR: 1 axis deviation <=10.0 deg, 2 axes deviation >=50.0 deg (diff <=10.0 deg), rotation angle >=50.0 deg
  OR: 1 axis deviation <=15.0 deg, 2 axes deviation >=145.0 deg (diff <=10.0 deg), rotation angle >=145.0 deg
  Relative rotation from frame 1:
    Rotation angle: 11.44 deg
    Rotation axis: [0.18251383212039807, 0.3122984775994425, 0.9322866308028865]
  Angle not in trigger range, no correction needed.
==================================================
Processing Frame 3 (index 3)
==================================================

--- Step 1: Position Outlier Detection ---
  No position outlier detected.

--- Step 2: Axis Angle Orientation Check ---
  X-axis angle: 86.54 deg
  Y-axis angle: 94.88 deg
  Z-axis angle: 79.34 deg
✓ Axis angle criteria met! Applying orientation correction.
  -> Copying previous frame orientation
  -> Skipping Step 3
==================================================
Processing Frame 4 (index 4)
==================================================

--- Step 1: Position Outlier Detection ---
  No position outlier detected.

--- Step 2: Axis Angle Orientation Check ---
  X-axis angle: 130.78 deg
  Y-axis angle: 106.05 deg
  Z-axis angle: 72.07 deg
  Criteria not met, proceeding to Step 3.

--- Step 3: Specific Angle Range Rotation Correction ---
  Trigger ranges: [60.0-120.0] deg or [140.0-180.0] deg
  OR: 1 axis deviation <=10.0 deg, 2 axes deviation >=50.0 deg (diff <=10.0 deg), rotation angle >=50.0 deg
  OR: 1 axis deviation <=15.0 deg, 2 axes deviation >=145.0 deg (diff <=10.0 deg), rotation angle >=145.0 deg
  Relative rotation from frame 3:
    Rotation angle: 144.18 deg
    Rotation axis: [-0.29511154949702767, 0.5432473497785272, 0.7859971312365396]
✓ Rotation angle in trigger range! Applying axis correction.
  -> Correcting along Z axis
==================================================
Processing Frame 5 (index 5)
==================================================

--- Step 1: Position Outlier Detection ---
  No position outlier detected.

--- Step 2: Axis Angle Orientation Check ---
  X-axis angle: 70.91 deg
  Y-axis angle: 34.15 deg
  Z-axis angle: 68.42 deg
  Criteria not met, proceeding to Step 3.

--- Step 3: Specific Angle Range Rotation Correction ---
  Trigger ranges: [60.0-120.0] deg or [140.0-180.0] deg
  OR: 1 axis deviation <=10.0 deg, 2 axes deviation >=50.0 deg (diff <=10.0 deg), rotation angle >=50.0 deg
  OR: 1 axis deviation <=15.0 deg, 2 axes deviation >=145.0 deg (diff <=10.0 deg), rotation angle >=145.0 deg
  Relative rotation from frame 4:
    Rotation angle: 74.86 deg
    Rotation axis: [-0.2985044327261336, 0.8755670948939193, 0.37983860517576595]
✓ Rotation angle in trigger range! Applying axis correction.
  -> Correcting along Y axis
==================================================
Processing Frame 6 (index 6)
==================================================

--- Step 1: Position Outlier Detection ---
  No position outlier detected.

--- Step 2: Axis Angle Orientation Check ---
  X-axis angle: 85.12 deg
  Y-axis angle: 123.61 deg
  Z-axis angle: 77.36 deg
  Criteria not met, proceeding to Step 3.

--- Step 3: Specific Angle Range Rotation Correction ---
  Trigger ranges: [60.0-120.0] deg or [140.0-180.0] deg
  OR: 1 axis deviation <=10.0 deg, 2 axes deviation >=50.0 deg (diff <=10.0 deg), rotation angle >=50.0 deg
  OR: 1 axis deviation <=15.0 deg, 2 axes deviation >=145.0 deg (diff <=10.0 deg), rotation angle >=145.0 deg
  Relative rotation from frame 5:
    Rotation angle: 128.68 deg
    Rotation axis: [0.6609703297929536, -0.2095452423022456, 0.720561596646593]
  Angle not in trigger range, no correction needed.
==================================================
Processing Frame 7 (index 7)
==================================================

--- Step 1: Position Outlier Detection ---
  No position outlier detected.

--- Step 2: Axis Angle Orientation Check ---
  X-axis angle: 30.93 deg
  Y-axis angle: 24.62 deg
  Z-axis angle: 31.35 deg
  Criteria not met, proceeding to Step 3.

--- Step 3: Specific Angle Range Rotation Correction ---
  Trigger ranges: [60.0-120.0] deg or [140.0-180.0] deg
  OR: 1 axis deviation <=10.0 deg, 2 axes deviation >=50.0 deg (diff <=10.0 deg), rotation angle >=50.0 deg
  OR: 1 axis deviation <=15.0 deg, 2 axes deviation >=145.0 deg (diff <=10.0 deg), rotation angle >=145.0 deg
  Relative rotation from frame 6:
    Rotation angle: 35.86 deg
    Rotation axis: [0.5000085416871407, 0.7213092176017255, 0.4792749428487634]
  Angle not in trigger range, no correction needed.
==================================================
Processing Frame 8 (index 8)
==================================================

--- Step 1: Position Outlier Detection ---
  No position outlier detected.

--- Step 2: Axis Angle Orientation Check ---
  X-axis angle: 45.45 deg
  Y-axis angle: 41.99 deg
  Z-axis angle: 29.28 deg
  Criteria not met, proceeding to Step 3.

--- Step 3: Specific Angle Range Rotation Correction ---
  Trigger ranges: [60.0-120.0] deg or [140.0-180.0] deg
  OR: 1 axis deviation <=10.0 deg, 2 axes deviation >=50.0 deg (diff <=10.0 deg), rotation angle >=50.0 deg
  OR: 1 axis deviation <=15.0 deg, 2 axes deviation >=145.0 deg (diff <=10.0 deg), rotation angle >=145.0 deg
  Relative rotation from frame 7:
    Rotation angle: 48.81 deg
    Rotation axis: [-0.35503608762669087, -0.49813141168065184, 0.7910843653996542]
  Angle not in trigger range, no correction needed.
==================================================
Processing Frame 9 (index 9)
==================================================

--- Step 1: Position Outlier Detection ---
  No position outlier detected.

--- Step 2: Axis Angle Orientation Check ---
  X-axis angle: 40.04 deg
  Y-axis angle: 167.41 deg
  Z-axis angle: 140.44 deg
  Criteria not met, proceeding to Step 3.

--- Step 3: Specific Angle Range Rotation Correction ---
  Trigger ranges: [60.0-120.0] deg or [140.0-180.0] deg
  OR: 1 axis deviation <=10.0 deg, 2 axes deviation >=50.0 deg (diff <=10.0 deg), rotation angle >=50.0 deg
  OR: 1 axis deviation <=15.0 deg, 2 axes deviation >=145.0 deg (diff <=10.0 deg), rotation angle >=145.0 deg
  Relative rotation from frame 8:
    Rotation angle: 172.18 deg
    Rotation axis: [-0.9392696402376554, 0.0860867764377369, -0.3322071791072322]
✓ Rotation angle in trigger range! Applying axis correction.
  -> Correcting along X axis
==================================================
Processing Frame 10 (index 10)
==================================================

--- Step 1: Position Outlier Detection ---
  No position outlier detected.

--- Step 2: Axis Angle Orientation Check ---
  X-axis angle: 115.91 deg
  Y-axis angle: 122.16 deg
  Z-axis angle: 27.21 deg
  Criteria not met, proceeding to Step 3.

--- Step 3: Specific Angle Range Rotation Correction ---
  Trigger ranges: [60.0-120.0] deg or [140.0-180.0] deg
  OR: 1 axis deviation <=10.0 deg, 2 axes deviation >=50.0 deg (diff <=10.0 deg), rotation angle >=50.0 deg
  OR: 1 axis deviation <=15.0 deg, 2 axes deviation >=145.0 deg (diff <=10.0 deg), rotation angle >=145.0 deg
  Relative rotation from frame 9:
    Rotation angle: 122.68 deg
    Rotation axis: [0.25862233946970536, 0.07068203594740337, 0.9633890882304753]
  Angle not in trigger range, no correction needed.
==================================================
Processing Frame 11 (index 11)
==================================================

--- Step 1: Position Outlier Detection ---
  No position outlier detected.

--- Step 2: Axis Angle Orientation Check ---
  X-axis angle: 151.55 deg
  Y-axis angle: 151.39 deg
  Z-axis angle: 6.64 deg
  Criteria not met, proceeding to Step 3.

--- Step 3: Specific Angle Range Rotation Correction ---
  Trigger ranges: [60.0-120.0] deg or [140.0-180.0] deg
  OR: 1 axis deviation <=10.0 deg, 2 axes deviation >=50.0 deg (diff <=10.0 deg), rotation angle >=50.0 deg
  OR: 1 axis deviation <=15.0 deg, 2 axes deviation >=145.0 deg (diff <=10.0 deg), rotation angle >=145.0 deg
  Relative rotation from frame 10:
    Rotation angle: 151.87 deg
    Rotation axis: [-0.03765975969498309, -0.04634262754705278, 0.9982154593932872]
✓ Rotation angle in trigger range! Applying axis correction.
  -> Correcting along Z axis
==================================================
Processing Frame 12 (index 12)
==================================================

--- Step 1: Position Outlier Detection ---
✓ Position outlier detected!
  Original position: [0.05755746737122536, -0.054469913244247437, 0.7890458106994629]
  Corrected position: [0.05067015253007412, -0.06705233082175255, 0.7899328768253326]

--- Step 2: Axis Angle Orientation Check ---
  X-axis angle: 106.69 deg
  Y-axis angle: 94.47 deg
  Z-axis angle: 38.52 deg
  Criteria not met, proceeding to Step 3.

--- Step 3: Specific Angle Range Rotation Correction ---
  Trigger ranges: [60.0-120.0] deg or [140.0-180.0] deg
  OR: 1 axis deviation <=10.0 deg, 2 axes deviation >=50.0 deg (diff <=10.0 deg), rotation angle >=50.0 deg
  OR: 1 axis deviation <=15.0 deg, 2 axes deviation >=145.0 deg (diff <=10.0 deg), rotation angle >=145.0 deg
  Relative rotation from frame 11:
    Rotation angle: 106.94 deg
    Rotation axis: [-0.05694946635252455, 0.4065162807520132, -0.9118669155999208]
✓ Rotation angle in trigger range! Applying axis correction.
  -> Correcting along Z axis
==================================================
Processing Frame 13 (index 13)
==================================================

--- Step 1: Position Outlier Detection ---
  No position outlier detected.

--- Step 2: Axis Angle Orientation Check ---
  X-axis angle: 36.60 deg
  Y-axis angle: 89.24 deg
  Z-axis angle: 88.63 deg
  Criteria not met, proceeding to Step 3.

--- Step 3: Specific Angle Range Rotation Correction ---
  Trigger ranges: [60.0-120.0] deg or [140.0-180.0] deg
  OR: 1 axis deviation <=10.0 deg, 2 axes deviation >=50.0 deg (diff <=10.0 deg), rotation angle >=50.0 deg
  OR: 1 axis deviation <=15.0 deg, 2 axes deviation >=145.0 deg (diff <=10.0 deg), rotation angle >=145.0 deg
  Relative rotation from frame 12:
    Rotation angle: 94.59 deg
    Rotation axis: [-0.9041188273509412, -0.293899083002274, 0.310149117425766]
✓ Rotation angle in trigger range! Applying axis correction.
  -> Correcting along X axis
==================================================
Processing Frame 14 (index 14)
==================================================

--- Step 1: Position Outlier Detection ---
  No position outlier detected.

--- Step 2: Axis Angle Orientation Check ---
  X-axis angle: 44.07 deg
  Y-axis angle: 85.28 deg
  Z-axis angle: 90.44 deg
  Criteria not met, proceeding to Step 3.

--- Step 3: Specific Angle Range Rotation Correction ---
  Trigger ranges: [60.0-120.0] deg or [140.0-180.0] deg
  OR: 1 axis deviation <=10.0 deg, 2 axes deviation >=50.0 deg (diff <=10.0 deg), rotation angle >=50.0 deg
  OR: 1 axis deviation <=15.0 deg, 2 axes deviation >=145.0 deg (diff <=10.0 deg), rotation angle >=145.0 deg
  Relative rotation from frame 13:
    Rotation angle: 95.94 deg
    Rotation axis: [-0.8630535677294104, -0.41031938654941097, -0.2945785807747248]
✓ Rotation angle in trigger range! Applying axis correction.
  -> Correcting along X axis
==================================================
Processing Frame 15 (index 15)
==================================================

--- Step 1: Position Outlier Detection ---
  No position outlier detected.

--- Step 2: Axis Angle Orientation Check ---
  X-axis angle: 94.45 deg
  Y-axis angle: 58.78 deg
  Z-axis angle: 94.21 deg
  Criteria not met, proceeding to Step 3.

--- Step 3: Specific Angle Range Rotation Correction ---
  Trigger ranges: [60.0-120.0] deg or [140.0-180.0] deg
  OR: 1 axis deviation <=10.0 deg, 2 axes deviation >=50.0 deg (diff <=10.0 deg), rotation angle >=50.0 deg
  OR: 1 axis deviation <=15.0 deg, 2 axes deviation >=145.0 deg (diff <=10.0 deg), rotation angle >=145.0 deg
  Relative rotation from frame 14:
    Rotation angle: 108.44 deg
    Rotation axis: [-0.42584096551917466, -0.7963229480360934, 0.4295686610040384]
✓ Rotation angle in trigger range! Applying axis correction.
  -> Correcting along Y axis
==================================================
Processing Frame 16 (index 16)
==================================================

--- Step 1: Position Outlier Detection ---
  No position outlier detected.

--- Step 2: Axis Angle Orientation Check ---
  X-axis angle: 150.82 deg
  Y-axis angle: 28.66 deg
  Z-axis angle: 174.41 deg
  Criteria not met, proceeding to Step 3.

--- Step 3: Specific Angle Range Rotation Correction ---
  Trigger ranges: [60.0-120.0] deg or [140.0-180.0] deg
  OR: 1 axis deviation <=10.0 deg, 2 axes deviation >=50.0 deg (diff <=10.0 deg), rotation angle >=50.0 deg
  OR: 1 axis deviation <=15.0 deg, 2 axes deviation >=145.0 deg (diff <=10.0 deg), rotation angle >=145.0 deg
  Relative rotation from frame 15:
    Rotation angle: 174.53 deg
    Rotation axis: [-0.24762122561099711, 0.9688055891840797, -0.00997291294437265]
✓ Rotation angle in trigger range! Applying axis correction.
  -> Correcting along Y axis
==================================================
Processing Frame 17 (index 17)
==================================================

--- Step 1: Position Outlier Detection ---
  No position outlier detected.

--- Step 2: Axis Angle Orientation Check ---
  X-axis angle: 112.78 deg
  Y-axis angle: 57.98 deg
  Z-axis angle: 88.85 deg
  Criteria not met, proceeding to Step 3.

--- Step 3: Specific Angle Range Rotation Correction ---
  Trigger ranges: [60.0-120.0] deg or [140.0-180.0] deg
  OR: 1 axis deviation <=10.0 deg, 2 axes deviation >=50.0 deg (diff <=10.0 deg), rotation angle >=50.0 deg
  OR: 1 axis deviation <=15.0 deg, 2 axes deviation >=145.0 deg (diff <=10.0 deg), rotation angle >=145.0 deg
  Relative rotation from frame 16:
    Rotation angle: 114.74 deg
    Rotation axis: [-0.14834795416814714, -0.8177852679858207, -0.5560756602832788]
✓ Rotation angle in trigger range! Applying axis correction.
  -> Correcting along Y axis
==================================================
Processing Frame 18 (index 18)
==================================================

--- Step 1: Position Outlier Detection ---
  No position outlier detected.

--- Step 2: Axis Angle Orientation Check ---
  X-axis angle: 102.53 deg
  Y-axis angle: 29.51 deg
  Z-axis angle: 95.05 deg
  Criteria not met, proceeding to Step 3.

--- Step 3: Specific Angle Range Rotation Correction ---
  Trigger ranges: [60.0-120.0] deg or [140.0-180.0] deg
  OR: 1 axis deviation <=10.0 deg, 2 axes deviation >=50.0 deg (diff <=10.0 deg), rotation angle >=50.0 deg
  OR: 1 axis deviation <=15.0 deg, 2 axes deviation >=145.0 deg (diff <=10.0 deg), rotation angle >=145.0 deg
  Relative rotation from frame 17:
    Rotation angle: 102.55 deg
    Rotation axis: [-0.01780455697623423, 0.9452018455645003, -0.32600071915924134]
✓ Rotation angle in trigger range! Applying axis correction.
  -> Correcting along Y axis
==================================================
Processing Frame 19 (index 19)
==================================================

--- Step 1: Position Outlier Detection ---
  No position outlier detected.

--- Step 2: Axis Angle Orientation Check ---
  X-axis angle: 148.74 deg
  Y-axis angle: 32.41 deg
  Z-axis angle: 158.84 deg
  Criteria not met, proceeding to Step 3.

--- Step 3: Specific Angle Range Rotation Correction ---
  Trigger ranges: [60.0-120.0] deg or [140.0-180.0] deg
  OR: 1 axis deviation <=10.0 deg, 2 axes deviation >=50.0 deg (diff <=10.0 deg), rotation angle >=50.0 deg
  OR: 1 axis deviation <=15.0 deg, 2 axes deviation >=145.0 deg (diff <=10.0 deg), rotation angle >=145.0 deg
  Relative rotation from frame 18:
    Rotation angle: 166.31 deg
    Rotation axis: [-0.24335518850436985, 0.95968638445671, 0.1406424392436742]
✓ Rotation angle in trigger range! Applying axis correction.
  -> Correcting along Y axis
==================================================
Processing Frame 20 (index 20)
==================================================

--- Step 1: Position Outlier Detection ---
  No position outlier detected.

--- Step 2: Axis Angle Orientation Check ---
  X-axis angle: 109.15 deg
  Y-axis angle: 113.86 deg
  Z-axis angle: 86.69 deg
  Criteria not met, proceeding to Step 3.

--- Step 3: Specific Angle Range Rotation Correction ---
  Trigger ranges: [60.0-120.0] deg or [140.0-180.0] deg
  OR: 1 axis deviation <=10.0 deg, 2 axes deviation >=50.0 deg (diff <=10.0 deg), rotation angle >=50.0 deg
  OR: 1 axis deviation <=15.0 deg, 2 axes deviation >=145.0 deg (diff <=10.0 deg), rotation angle >=145.0 deg
  Relative rotation from frame 19:
    Rotation angle: 146.86 deg
    Rotation axis: [-0.5264955834481306, 0.4853838525296664, -0.6980006563844131]
✓ Rotation angle in trigger range! Applying axis correction.
  -> Correcting along Z axis
==================================================
Processing Frame 21 (index 21)
==================================================

--- Step 1: Position Outlier Detection ---
  No position outlier detected.

--- Step 2: Axis Angle Orientation Check ---
  X-axis angle: 130.21 deg
  Y-axis angle: 50.17 deg
  Z-axis angle: 171.40 deg
  Criteria not met, proceeding to Step 3.

--- Step 3: Specific Angle Range Rotation Correction ---
  Trigger ranges: [60.0-120.0] deg or [140.0-180.0] deg
  OR: 1 axis deviation <=10.0 deg, 2 axes deviation >=50.0 deg (diff <=10.0 deg), rotation angle >=50.0 deg
  OR: 1 axis deviation <=15.0 deg, 2 axes deviation >=145.0 deg (diff <=10.0 deg), rotation angle >=145.0 deg
  Relative rotation from frame 20:
    Rotation angle: 175.49 deg
    Rotation axis: [-0.41945759921471876, -0.9055273768047484, -0.06383958269080044]
✓ Rotation angle in trigger range! Applying axis correction.
  -> Correcting along Y axis
==================================================
Processing Frame 22 (index 22)
==================================================

--- Step 1: Position Outlier Detection ---
  No position outlier detected.

--- Step 2: Axis Angle Orientation Check ---
  X-axis angle: 97.41 deg
  Y-axis angle: 109.10 deg
  Z-axis angle: 82.39 deg
✓ Axis angle criteria met! Applying orientation correction.
  -> Copying previous frame orientation
  -> Skipping Step 3
==================================================
Processing Frame 23 (index 23)
==================================================

--- Step 1: Position Outlier Detection ---
  No position outlier detected.

--- Step 2: Axis Angle Orientation Check ---
  X-axis angle: 21.12 deg
  Y-axis angle: 144.05 deg
  Z-axis angle: 151.25 deg
  Criteria not met, proceeding to Step 3.

--- Step 3: Specific Angle Range Rotation Correction ---
  Trigger ranges: [60.0-120.0] deg or [140.0-180.0] deg
  OR: 1 axis deviation <=10.0 deg, 2 axes deviation >=50.0 deg (diff <=10.0 deg), rotation angle >=50.0 deg
  OR: 1 axis deviation <=15.0 deg, 2 axes deviation >=145.0 deg (diff <=10.0 deg), rotation angle >=145.0 deg
  Relative rotation from frame 22:
    Rotation angle: 151.25 deg
    Rotation axis: [0.9819413742952978, -0.18918394178555134, -0.0007573754304822373]
✓ Rotation angle in trigger range! Applying axis correction.
  -> Correcting along X axis
==================================================
Processing Frame 24 (index 24)
==================================================

--- Step 1: Position Outlier Detection ---
  No position outlier detected.

--- Step 2: Axis Angle Orientation Check ---
  X-axis angle: 160.49 deg
  Y-axis angle: 26.92 deg
  Z-axis angle: 148.70 deg
  Criteria not met, proceeding to Step 3.

--- Step 3: Specific Angle Range Rotation Correction ---
  Trigger ranges: [60.0-120.0] deg or [140.0-180.0] deg
  OR: 1 axis deviation <=10.0 deg, 2 axes deviation >=50.0 deg (diff <=10.0 deg), rotation angle >=50.0 deg
  OR: 1 axis deviation <=15.0 deg, 2 axes deviation >=145.0 deg (diff <=10.0 deg), rotation angle >=145.0 deg
  Relative rotation from frame 23:
    Rotation angle: 162.31 deg
    Rotation axis: [-0.07196144256810855, 0.9718676927322726, 0.2242648849168447]
✓ Rotation angle in trigger range! Applying axis correction.
  -> Correcting along Y axis

============================================================
Object Pose Correction Log for obj 2
============================================================

==================================================
Processing Frame 0 (index 0)
==================================================

--- Step 1: Position Outlier Detection ---
  No position outlier detected.

--- First frame, no rotation correction needed ---
==================================================
Processing Frame 1 (index 1)
==================================================

--- Step 1: Position Outlier Detection ---
  No position outlier detected.

--- Step 2: Axis Angle Orientation Check ---
  X-axis angle: 3.81 deg
  Y-axis angle: 0.76 deg
  Z-axis angle: 3.88 deg
  Criteria not met, proceeding to Step 3.

--- Step 3: Specific Angle Range Rotation Correction ---
  Trigger ranges: [60.0-120.0] deg or [140.0-180.0] deg
  OR: 1 axis deviation <=10.0 deg, 2 axes deviation >=50.0 deg (diff <=10.0 deg), rotation angle >=50.0 deg
  OR: 1 axis deviation <=15.0 deg, 2 axes deviation >=145.0 deg (diff <=10.0 deg), rotation angle >=145.0 deg
  Relative rotation from frame 0:
    Rotation angle: 3.88 deg
    Rotation axis: [-0.19107142874252525, 0.980768083686012, -0.039820536675916084]
  Angle not in trigger range, no correction needed.
==================================================
Processing Frame 2 (index 2)
==================================================

--- Step 1: Position Outlier Detection ---
  No position outlier detected.

--- Step 2: Axis Angle Orientation Check ---
  X-axis angle: 8.09 deg
  Y-axis angle: 5.96 deg
  Z-axis angle: 5.85 deg
  Criteria not met, proceeding to Step 3.

--- Step 3: Specific Angle Range Rotation Correction ---
  Trigger ranges: [60.0-120.0] deg or [140.0-180.0] deg
  OR: 1 axis deviation <=10.0 deg, 2 axes deviation >=50.0 deg (diff <=10.0 deg), rotation angle >=50.0 deg
  OR: 1 axis deviation <=15.0 deg, 2 axes deviation >=145.0 deg (diff <=10.0 deg), rotation angle >=145.0 deg
  Relative rotation from frame 1:
    Rotation angle: 8.22 deg
    Rotation axis: [-0.18165530910785896, 0.6886799882452516, 0.7019410391645784]
  Angle not in trigger range, no correction needed.
==================================================
Processing Frame 3 (index 3)
==================================================

--- Step 1: Position Outlier Detection ---
  No position outlier detected.

--- Step 2: Axis Angle Orientation Check ---
  X-axis angle: 9.00 deg
  Y-axis angle: 8.58 deg
  Z-axis angle: 2.85 deg
  Criteria not met, proceeding to Step 3.

--- Step 3: Specific Angle Range Rotation Correction ---
  Trigger ranges: [60.0-120.0] deg or [140.0-180.0] deg
  OR: 1 axis deviation <=10.0 deg, 2 axes deviation >=50.0 deg (diff <=10.0 deg), rotation angle >=50.0 deg
  OR: 1 axis deviation <=15.0 deg, 2 axes deviation >=145.0 deg (diff <=10.0 deg), rotation angle >=145.0 deg
  Relative rotation from frame 2:
    Rotation angle: 9.02 deg
    Rotation axis: [0.06698026252101899, -0.30949550068688286, -0.9485389709902229]
  Angle not in trigger range, no correction needed.
==================================================
Processing Frame 4 (index 4)
==================================================

--- Step 1: Position Outlier Detection ---
  No position outlier detected.

--- Step 2: Axis Angle Orientation Check ---
  X-axis angle: 5.41 deg
  Y-axis angle: 6.03 deg
  Z-axis angle: 4.67 deg
  Criteria not met, proceeding to Step 3.

--- Step 3: Specific Angle Range Rotation Correction ---
  Trigger ranges: [60.0-120.0] deg or [140.0-180.0] deg
  OR: 1 axis deviation <=10.0 deg, 2 axes deviation >=50.0 deg (diff <=10.0 deg), rotation angle >=50.0 deg
  OR: 1 axis deviation <=15.0 deg, 2 axes deviation >=145.0 deg (diff <=10.0 deg), rotation angle >=145.0 deg
  Relative rotation from frame 3:
    Rotation angle: 6.61 deg
    Rotation axis: [0.5746823611096187, -0.41080581424371293, 0.7077985354696871]
  Angle not in trigger range, no correction needed.
==================================================
Processing Frame 5 (index 5)
==================================================

--- Step 1: Position Outlier Detection ---
  No position outlier detected.

--- Step 2: Axis Angle Orientation Check ---
  X-axis angle: 2.72 deg
  Y-axis angle: 11.92 deg
  Z-axis angle: 12.20 deg
  Criteria not met, proceeding to Step 3.

--- Step 3: Specific Angle Range Rotation Correction ---
  Trigger ranges: [60.0-120.0] deg or [140.0-180.0] deg
  OR: 1 axis deviation <=10.0 deg, 2 axes deviation >=50.0 deg (diff <=10.0 deg), rotation angle >=50.0 deg
  OR: 1 axis deviation <=15.0 deg, 2 axes deviation >=145.0 deg (diff <=10.0 deg), rotation angle >=145.0 deg
  Relative rotation from frame 4:
    Rotation angle: 12.21 deg
    Rotation axis: [0.9747550604320282, -0.2172902823616502, -0.051356648579781526]
  Angle not in trigger range, no correction needed.
==================================================
Processing Frame 6 (index 6)
==================================================

--- Step 1: Position Outlier Detection ---
  No position outlier detected.

--- Step 2: Axis Angle Orientation Check ---
  X-axis angle: 22.04 deg
  Y-axis angle: 17.41 deg
  Z-axis angle: 20.21 deg
  Criteria not met, proceeding to Step 3.

--- Step 3: Specific Angle Range Rotation Correction ---
  Trigger ranges: [60.0-120.0] deg or [140.0-180.0] deg
  OR: 1 axis deviation <=10.0 deg, 2 axes deviation >=50.0 deg (diff <=10.0 deg), rotation angle >=50.0 deg
  OR: 1 axis deviation <=15.0 deg, 2 axes deviation >=145.0 deg (diff <=10.0 deg), rotation angle >=145.0 deg
  Relative rotation from frame 5:
    Rotation angle: 24.53 deg
    Rotation axis: [0.4358453680725192, -0.7015617366912175, 0.5637818237053523]
  Angle not in trigger range, no correction needed.
==================================================
Processing Frame 7 (index 7)
==================================================

--- Step 1: Position Outlier Detection ---
  No position outlier detected.

--- Step 2: Axis Angle Orientation Check ---
  X-axis angle: 97.16 deg
  Y-axis angle: 47.31 deg
  Z-axis angle: 110.39 deg
  Criteria not met, proceeding to Step 3.

--- Step 3: Specific Angle Range Rotation Correction ---
  Trigger ranges: [60.0-120.0] deg or [140.0-180.0] deg
  OR: 1 axis deviation <=10.0 deg, 2 axes deviation >=50.0 deg (diff <=10.0 deg), rotation angle >=50.0 deg
  OR: 1 axis deviation <=15.0 deg, 2 axes deviation >=145.0 deg (diff <=10.0 deg), rotation angle >=145.0 deg
  Relative rotation from frame 6:
    Rotation angle: 113.42 deg
    Rotation axis: [0.44180747116930424, -0.8772926307348861, -0.18752012819227495]
✓ Rotation angle in trigger range! Applying axis correction.
  -> Correcting along Y axis
==================================================
Processing Frame 8 (index 8)
==================================================

--- Step 1: Position Outlier Detection ---
  No position outlier detected.

--- Step 2: Axis Angle Orientation Check ---
  X-axis angle: 170.28 deg
  Y-axis angle: 9.72 deg
  Z-axis angle: 179.68 deg
  Criteria not met, proceeding to Step 3.

--- Step 3: Specific Angle Range Rotation Correction ---
  Trigger ranges: [60.0-120.0] deg or [140.0-180.0] deg
  OR: 1 axis deviation <=10.0 deg, 2 axes deviation >=50.0 deg (diff <=10.0 deg), rotation angle >=50.0 deg
  OR: 1 axis deviation <=15.0 deg, 2 axes deviation >=145.0 deg (diff <=10.0 deg), rotation angle >=145.0 deg
  Relative rotation from frame 7:
    Rotation angle: 179.73 deg
    Rotation axis: [-0.08466641941888693, 0.9964083436373039, -0.001417798557556445]
✓ Rotation angle in trigger range! Applying axis correction.
  -> Correcting along Y axis
==================================================
Processing Frame 9 (index 9)
==================================================

--- Step 1: Position Outlier Detection ---
  No position outlier detected.

--- Step 2: Axis Angle Orientation Check ---
  X-axis angle: 177.01 deg
  Y-axis angle: 2.88 deg
  Z-axis angle: 176.34 deg
  Criteria not met, proceeding to Step 3.

--- Step 3: Specific Angle Range Rotation Correction ---
  Trigger ranges: [60.0-120.0] deg or [140.0-180.0] deg
  OR: 1 axis deviation <=10.0 deg, 2 axes deviation >=50.0 deg (diff <=10.0 deg), rotation angle >=50.0 deg
  OR: 1 axis deviation <=15.0 deg, 2 axes deviation >=145.0 deg (diff <=10.0 deg), rotation angle >=145.0 deg
  Relative rotation from frame 8:
    Rotation angle: 177.35 deg
    Rotation axis: [0.012006182277000139, 0.9996848317367195, -0.02204742122467246]
✓ Rotation angle in trigger range! Applying axis correction.
  -> Correcting along Y axis
==================================================
Processing Frame 10 (index 10)
==================================================

--- Step 1: Position Outlier Detection ---
✓ Position outlier detected!
  Original position: [0.08170591294765472, -0.016426973044872284, 0.7880749702453613]
  Corrected position: [0.0585214477032423, -0.009268068708479404, 0.7763003706932068]

--- Step 2: Axis Angle Orientation Check ---
  X-axis angle: 94.11 deg
  Y-axis angle: 76.16 deg
  Z-axis angle: 57.01 deg
  Criteria not met, proceeding to Step 3.

--- Step 3: Specific Angle Range Rotation Correction ---
  Trigger ranges: [60.0-120.0] deg or [140.0-180.0] deg
  OR: 1 axis deviation <=10.0 deg, 2 axes deviation >=50.0 deg (diff <=10.0 deg), rotation angle >=50.0 deg
  OR: 1 axis deviation <=15.0 deg, 2 axes deviation >=145.0 deg (diff <=10.0 deg), rotation angle >=145.0 deg
  Relative rotation from frame 9:
    Rotation angle: 98.28 deg
    Rotation axis: [0.2513702030885216, -0.5787879891945561, 0.775768963392683]
✓ Rotation angle in trigger range! Applying axis correction.
  -> Correcting along Z axis
==================================================
Processing Frame 11 (index 11)
==================================================

--- Step 1: Position Outlier Detection ---
  No position outlier detected.

--- Step 2: Axis Angle Orientation Check ---
  X-axis angle: 128.44 deg
  Y-axis angle: 78.16 deg
  Z-axis angle: 124.73 deg
  Criteria not met, proceeding to Step 3.

--- Step 3: Specific Angle Range Rotation Correction ---
  Trigger ranges: [60.0-120.0] deg or [140.0-180.0] deg
  OR: 1 axis deviation <=10.0 deg, 2 axes deviation >=50.0 deg (diff <=10.0 deg), rotation angle >=50.0 deg
  OR: 1 axis deviation <=15.0 deg, 2 axes deviation >=145.0 deg (diff <=10.0 deg), rotation angle >=145.0 deg
  Relative rotation from frame 10:
    Rotation angle: 173.28 deg
    Rotation axis: [-0.4316969344872424, 0.775373247114402, -0.460905721827779]
✓ Rotation angle in trigger range! Applying axis correction.
  -> Correcting along Y axis
==================================================
Processing Frame 12 (index 12)
==================================================

--- Step 1: Position Outlier Detection ---
✓ Position outlier detected!
  Original position: [0.07416266202926636, 0.016926754266023636, 0.7981858849525452]
  Corrected position: [0.056162744760513306, -0.014275957364588976, 0.7796648442745209]

--- Step 2: Axis Angle Orientation Check ---
  X-axis angle: 77.00 deg
  Y-axis angle: 42.70 deg
  Z-axis angle: 62.94 deg
  Criteria not met, proceeding to Step 3.

--- Step 3: Specific Angle Range Rotation Correction ---
  Trigger ranges: [60.0-120.0] deg or [140.0-180.0] deg
  OR: 1 axis deviation <=10.0 deg, 2 axes deviation >=50.0 deg (diff <=10.0 deg), rotation angle >=50.0 deg
  OR: 1 axis deviation <=15.0 deg, 2 axes deviation >=145.0 deg (diff <=10.0 deg), rotation angle >=145.0 deg
  Relative rotation from frame 11:
    Rotation angle: 78.03 deg
    Rotation axis: [-0.14901775729749758, -0.8157692648743301, -0.5588507980636862]
✓ Rotation angle in trigger range! Applying axis correction.
  -> Correcting along Y axis
==================================================
Processing Frame 13 (index 13)
==================================================

--- Step 1: Position Outlier Detection ---
  No position outlier detected.

--- Step 2: Axis Angle Orientation Check ---
  X-axis angle: 135.95 deg
  Y-axis angle: 44.62 deg
  Z-axis angle: 153.29 deg
  Criteria not met, proceeding to Step 3.

--- Step 3: Specific Angle Range Rotation Correction ---
  Trigger ranges: [60.0-120.0] deg or [140.0-180.0] deg
  OR: 1 axis deviation <=10.0 deg, 2 axes deviation >=50.0 deg (diff <=10.0 deg), rotation angle >=50.0 deg
  OR: 1 axis deviation <=15.0 deg, 2 axes deviation >=145.0 deg (diff <=10.0 deg), rotation angle >=145.0 deg
  Relative rotation from frame 12:
    Rotation angle: 161.83 deg
    Rotation axis: [-0.3444848489308345, 0.92313743851943, -0.17072626763590265]
✓ Rotation angle in trigger range! Applying axis correction.
  -> Correcting along Y axis
==================================================
Processing Frame 14 (index 14)
==================================================

--- Step 1: Position Outlier Detection ---
  No position outlier detected.

--- Step 2: Axis Angle Orientation Check ---
  X-axis angle: 177.75 deg
  Y-axis angle: 4.51 deg
  Z-axis angle: 175.04 deg
  Criteria not met, proceeding to Step 3.

--- Step 3: Specific Angle Range Rotation Correction ---
  Trigger ranges: [60.0-120.0] deg or [140.0-180.0] deg
  OR: 1 axis deviation <=10.0 deg, 2 axes deviation >=50.0 deg (diff <=10.0 deg), rotation angle >=50.0 deg
  OR: 1 axis deviation <=15.0 deg, 2 axes deviation >=145.0 deg (diff <=10.0 deg), rotation angle >=145.0 deg
  Relative rotation from frame 13:
    Rotation angle: 177.85 deg
    Rotation axis: [0.0058113761720013585, 0.9992247424486315, -0.0389376679508902]
✓ Rotation angle in trigger range! Applying axis correction.
  -> Correcting along Y axis
==================================================
Processing Frame 15 (index 15)
==================================================

--- Step 1: Position Outlier Detection ---
  No position outlier detected.

--- Step 2: Axis Angle Orientation Check ---
  X-axis angle: 175.12 deg
  Y-axis angle: 2.30 deg
  Z-axis angle: 175.44 deg
  Criteria not met, proceeding to Step 3.

--- Step 3: Specific Angle Range Rotation Correction ---
  Trigger ranges: [60.0-120.0] deg or [140.0-180.0] deg
  OR: 1 axis deviation <=10.0 deg, 2 axes deviation >=50.0 deg (diff <=10.0 deg), rotation angle >=50.0 deg
  OR: 1 axis deviation <=15.0 deg, 2 axes deviation >=145.0 deg (diff <=10.0 deg), rotation angle >=145.0 deg
  Relative rotation from frame 14:
    Rotation angle: 175.57 deg
    Rotation axis: [-0.017786922421599318, 0.9997986203257778, -0.009292157200524561]
✓ Rotation angle in trigger range! Applying axis correction.
  -> Correcting along Y axis
==================================================
Processing Frame 16 (index 16)
==================================================

--- Step 1: Position Outlier Detection ---
  No position outlier detected.

--- Step 2: Axis Angle Orientation Check ---
  X-axis angle: 90.34 deg
  Y-axis angle: 73.09 deg
  Z-axis angle: 50.91 deg
  Criteria not met, proceeding to Step 3.

--- Step 3: Specific Angle Range Rotation Correction ---
  Trigger ranges: [60.0-120.0] deg or [140.0-180.0] deg
  OR: 1 axis deviation <=10.0 deg, 2 axes deviation >=50.0 deg (diff <=10.0 deg), rotation angle >=50.0 deg
  OR: 1 axis deviation <=15.0 deg, 2 axes deviation >=145.0 deg (diff <=10.0 deg), rotation angle >=145.0 deg
  Relative rotation from frame 15:
    Rotation angle: 92.42 deg
    Rotation axis: [0.18675272581325517, -0.5653006665796906, 0.8034665990356268]
✓ Rotation angle in trigger range! Applying axis correction.
  -> Correcting along Z axis
==================================================
Processing Frame 17 (index 17)
==================================================

--- Step 1: Position Outlier Detection ---
  No position outlier detected.

--- Step 2: Axis Angle Orientation Check ---
  X-axis angle: 87.84 deg
  Y-axis angle: 87.73 deg
  Z-axis angle: 3.58 deg
  Criteria not met, proceeding to Step 3.

--- Step 3: Specific Angle Range Rotation Correction ---
  Trigger ranges: [60.0-120.0] deg or [140.0-180.0] deg
  OR: 1 axis deviation <=10.0 deg, 2 axes deviation >=50.0 deg (diff <=10.0 deg), rotation angle >=50.0 deg
  OR: 1 axis deviation <=15.0 deg, 2 axes deviation >=145.0 deg (diff <=10.0 deg), rotation angle >=145.0 deg
  Relative rotation from frame 16:
    Rotation angle: 87.84 deg
    Rotation axis: [-0.00937049560417143, -0.04401717181328049, 0.9989868279400346]
✓ Rotation angle in trigger range! Applying axis correction.
  -> Correcting along Z axis
==================================================
Processing Frame 18 (index 18)
==================================================

--- Step 1: Position Outlier Detection ---
✓ Position outlier detected!
  Original position: [0.07178207486867905, 0.009593128226697445, 0.8016055226325989]
  Corrected position: [0.08175107836723328, -0.015581966377794743, 0.7871090471744537]

--- Step 2: Axis Angle Orientation Check ---
  X-axis angle: 52.90 deg
  Y-axis angle: 55.47 deg
  Z-axis angle: 78.42 deg
  Criteria not met, proceeding to Step 3.

--- Step 3: Specific Angle Range Rotation Correction ---
  Trigger ranges: [60.0-120.0] deg or [140.0-180.0] deg
  OR: 1 axis deviation <=10.0 deg, 2 axes deviation >=50.0 deg (diff <=10.0 deg), rotation angle >=50.0 deg
  OR: 1 axis deviation <=15.0 deg, 2 axes deviation >=145.0 deg (diff <=10.0 deg), rotation angle >=145.0 deg
  Relative rotation from frame 17:
    Rotation angle: 79.32 deg
    Rotation axis: [-0.7161887327156515, -0.6843280738535348, -0.13699922068048337]
✓ Rotation angle in trigger range! Applying axis correction.
  -> Correcting along X axis
==================================================
Processing Frame 19 (index 19)
==================================================

--- Step 1: Position Outlier Detection ---
  No position outlier detected.

--- Step 2: Axis Angle Orientation Check ---
  X-axis angle: 69.02 deg
  Y-axis angle: 54.38 deg
  Z-axis angle: 42.72 deg
  Criteria not met, proceeding to Step 3.

--- Step 3: Specific Angle Range Rotation Correction ---
  Trigger ranges: [60.0-120.0] deg or [140.0-180.0] deg
  OR: 1 axis deviation <=10.0 deg, 2 axes deviation >=50.0 deg (diff <=10.0 deg), rotation angle >=50.0 deg
  OR: 1 axis deviation <=15.0 deg, 2 axes deviation >=145.0 deg (diff <=10.0 deg), rotation angle >=145.0 deg
  Relative rotation from frame 18:
    Rotation angle: 70.27 deg
    Rotation axis: [0.1758053380031232, 0.6080173970412758, 0.7742140066058992]
✓ Rotation angle in trigger range! Applying axis correction.
  -> Correcting along Z axis
==================================================
Processing Frame 20 (index 20)
==================================================

--- Step 1: Position Outlier Detection ---
✓ Position outlier detected!
  Original position: [0.07079428434371948, 0.012979614548385143, 0.7961947917938232]
  Corrected position: [0.07990848645567894, -0.019848253577947617, 0.7818958759307861]

--- Step 2: Axis Angle Orientation Check ---
  X-axis angle: 49.04 deg
  Y-axis angle: 61.94 deg
  Z-axis angle: 82.47 deg
  Criteria not met, proceeding to Step 3.

--- Step 3: Specific Angle Range Rotation Correction ---
  Trigger ranges: [60.0-120.0] deg or [140.0-180.0] deg
  OR: 1 axis deviation <=10.0 deg, 2 axes deviation >=50.0 deg (diff <=10.0 deg), rotation angle >=50.0 deg
  OR: 1 axis deviation <=15.0 deg, 2 axes deviation >=145.0 deg (diff <=10.0 deg), rotation angle >=145.0 deg
  Relative rotation from frame 19:
    Rotation angle: 82.62 deg
    Rotation axis: [-0.7776117056867268, -0.6263241358638986, -0.05511907123056581]
✓ Rotation angle in trigger range! Applying axis correction.
  -> Correcting along X axis
==================================================
Processing Frame 21 (index 21)
==================================================

--- Step 1: Position Outlier Detection ---
  No position outlier detected.

--- Step 2: Axis Angle Orientation Check ---
  X-axis angle: 53.14 deg
  Y-axis angle: 45.90 deg
  Z-axis angle: 25.38 deg
  Criteria not met, proceeding to Step 3.

--- Step 3: Specific Angle Range Rotation Correction ---
  Trigger ranges: [60.0-120.0] deg or [140.0-180.0] deg
  OR: 1 axis deviation <=10.0 deg, 2 axes deviation >=50.0 deg (diff <=10.0 deg), rotation angle >=50.0 deg
  OR: 1 axis deviation <=15.0 deg, 2 axes deviation >=145.0 deg (diff <=10.0 deg), rotation angle >=145.0 deg
  Relative rotation from frame 20:
    Rotation angle: 53.16 deg
    Rotation axis: [-0.02087806272646592, -0.49050352541731007, 0.8711890713559142]
  Angle not in trigger range, no correction needed.
==================================================
Processing Frame 22 (index 22)
==================================================

--- Step 1: Position Outlier Detection ---
  No position outlier detected.

--- Step 2: Axis Angle Orientation Check ---
  X-axis angle: 47.35 deg
  Y-axis angle: 32.15 deg
  Z-axis angle: 51.55 deg
  Criteria not met, proceeding to Step 3.

--- Step 3: Specific Angle Range Rotation Correction ---
  Trigger ranges: [60.0-120.0] deg or [140.0-180.0] deg
  OR: 1 axis deviation <=10.0 deg, 2 axes deviation >=50.0 deg (diff <=10.0 deg), rotation angle >=50.0 deg
  OR: 1 axis deviation <=15.0 deg, 2 axes deviation >=145.0 deg (diff <=10.0 deg), rotation angle >=145.0 deg
  Relative rotation from frame 21:
    Rotation angle: 55.04 deg
    Rotation axis: [-0.4947660542531101, -0.8005865831093667, 0.3380350196415718]
  Angle not in trigger range, no correction needed.
==================================================
Processing Frame 23 (index 23)
==================================================

--- Step 1: Position Outlier Detection ---
  No position outlier detected.

--- Step 2: Axis Angle Orientation Check ---
  X-axis angle: 141.34 deg
  Y-axis angle: 135.26 deg
  Z-axis angle: 52.19 deg
  Criteria not met, proceeding to Step 3.

--- Step 3: Specific Angle Range Rotation Correction ---
  Trigger ranges: [60.0-120.0] deg or [140.0-180.0] deg
  OR: 1 axis deviation <=10.0 deg, 2 axes deviation >=50.0 deg (diff <=10.0 deg), rotation angle >=50.0 deg
  OR: 1 axis deviation <=15.0 deg, 2 axes deviation >=145.0 deg (diff <=10.0 deg), rotation angle >=145.0 deg
  Relative rotation from frame 22:
    Rotation angle: 159.89 deg
    Rotation axis: [-0.2856261151257887, 0.3434726339302277, 0.894675512182591]
✓ Rotation angle in trigger range! Applying axis correction.
  -> Correcting along Z axis
==================================================
Processing Frame 24 (index 24)
==================================================

--- Step 1: Position Outlier Detection ---
  No position outlier detected.

--- Step 2: Axis Angle Orientation Check ---
  X-axis angle: 172.09 deg
  Y-axis angle: 174.79 deg
  Z-axis angle: 8.26 deg
  Criteria not met, proceeding to Step 3.

--- Step 3: Specific Angle Range Rotation Correction ---
  Trigger ranges: [60.0-120.0] deg or [140.0-180.0] deg
  OR: 1 axis deviation <=10.0 deg, 2 axes deviation >=50.0 deg (diff <=10.0 deg), rotation angle >=50.0 deg
  OR: 1 axis deviation <=15.0 deg, 2 axes deviation >=145.0 deg (diff <=10.0 deg), rotation angle >=145.0 deg
  Relative rotation from frame 23:
    Rotation angle: 176.73 deg
    Rotation axis: [0.06280678411344927, -0.03537889002373001, -0.9973984369398297]
✓ Rotation angle in trigger range! Applying axis correction.
  -> Correcting along Z axis
