=== Combined Object Pose Correction Log ===

============================================================
Object Pose Correction Log for obj 1
============================================================

==================================================
Processing Frame 0 (index 0)
==================================================

--- Step 1: Position Outlier Detection ---
  No position outlier detected.

--- First frame, no rotation correction needed ---
==================================================
Processing Frame 1 (index 1)
==================================================

--- Step 1: Position Outlier Detection ---
  No position outlier detected.

--- Step 2: Axis Angle Orientation Check ---
  X-axis angle: 5.95 deg
  Y-axis angle: 5.91 deg
  Z-axis angle: 0.93 deg
  Criteria not met, proceeding to Step 3.

--- Step 3: Specific Angle Range Rotation Correction ---
  Trigger ranges: [60.0-120.0] deg or [140.0-180.0] deg
  OR: 1 axis deviation <=10.0 deg, 2 axes deviation >=50.0 deg (diff <=10.0 deg), rotation angle >=50.0 deg
  OR: 1 axis deviation <=15.0 deg, 2 axes deviation >=145.0 deg (diff <=10.0 deg), rotation angle >=145.0 deg
  Relative rotation from frame 0:
    Rotation angle: 5.97 deg
    Rotation axis: [0.07839896616166526, -0.13424875242619771, -0.9878415230070011]
  Angle not in trigger range, no correction needed.
==================================================
Processing Frame 2 (index 2)
==================================================

--- Step 1: Position Outlier Detection ---
  No position outlier detected.

--- Step 2: Axis Angle Orientation Check ---
  X-axis angle: 4.96 deg
  Y-axis angle: 5.82 deg
  Z-axis angle: 3.68 deg
  Criteria not met, proceeding to Step 3.

--- Step 3: Specific Angle Range Rotation Correction ---
  Trigger ranges: [60.0-120.0] deg or [140.0-180.0] deg
  OR: 1 axis deviation <=10.0 deg, 2 axes deviation >=50.0 deg (diff <=10.0 deg), rotation angle >=50.0 deg
  OR: 1 axis deviation <=15.0 deg, 2 axes deviation >=145.0 deg (diff <=10.0 deg), rotation angle >=145.0 deg
  Relative rotation from frame 1:
    Rotation angle: 6.00 deg
    Rotation axis: [0.5630223561787768, -0.24268757542027583, 0.7900054222469151]
  Angle not in trigger range, no correction needed.
==================================================
Processing Frame 3 (index 3)
==================================================

--- Step 1: Position Outlier Detection ---
  No position outlier detected.

--- Step 2: Axis Angle Orientation Check ---
  X-axis angle: 153.39 deg
  Y-axis angle: 153.38 deg
  Z-axis angle: 2.39 deg
  Criteria not met, proceeding to Step 3.

--- Step 3: Specific Angle Range Rotation Correction ---
  Trigger ranges: [60.0-120.0] deg or [140.0-180.0] deg
  OR: 1 axis deviation <=10.0 deg, 2 axes deviation >=50.0 deg (diff <=10.0 deg), rotation angle >=50.0 deg
  OR: 1 axis deviation <=15.0 deg, 2 axes deviation >=145.0 deg (diff <=10.0 deg), rotation angle >=145.0 deg
  Relative rotation from frame 2:
    Rotation angle: 153.44 deg
    Rotation axis: [-0.014468615128382644, 0.015755158483583487, -0.9997711909019102]
✓ Rotation angle in trigger range! Applying axis correction.
  -> Correcting along Z axis
==================================================
Processing Frame 4 (index 4)
==================================================

--- Step 1: Position Outlier Detection ---
  No position outlier detected.

--- Step 2: Axis Angle Orientation Check ---
  X-axis angle: 23.56 deg
  Y-axis angle: 146.73 deg
  Z-axis angle: 147.76 deg
  Criteria not met, proceeding to Step 3.

--- Step 3: Specific Angle Range Rotation Correction ---
  Trigger ranges: [60.0-120.0] deg or [140.0-180.0] deg
  OR: 1 axis deviation <=10.0 deg, 2 axes deviation >=50.0 deg (diff <=10.0 deg), rotation angle >=50.0 deg
  OR: 1 axis deviation <=15.0 deg, 2 axes deviation >=145.0 deg (diff <=10.0 deg), rotation angle >=145.0 deg
  Relative rotation from frame 3:
    Rotation angle: 151.96 deg
    Rotation axis: [-0.9776067671669614, 0.15722049878330885, -0.1398811050560084]
✓ Rotation angle in trigger range! Applying axis correction.
  -> Correcting along X axis
==================================================
Processing Frame 5 (index 5)
==================================================

--- Step 1: Position Outlier Detection ---
  No position outlier detected.

--- Step 2: Axis Angle Orientation Check ---
  X-axis angle: 59.39 deg
  Y-axis angle: 120.60 deg
  Z-axis angle: 178.46 deg
  Criteria not met, proceeding to Step 3.

--- Step 3: Specific Angle Range Rotation Correction ---
  Trigger ranges: [60.0-120.0] deg or [140.0-180.0] deg
  OR: 1 axis deviation <=10.0 deg, 2 axes deviation >=50.0 deg (diff <=10.0 deg), rotation angle >=50.0 deg
  OR: 1 axis deviation <=15.0 deg, 2 axes deviation >=145.0 deg (diff <=10.0 deg), rotation angle >=145.0 deg
  Relative rotation from frame 4:
    Rotation angle: 178.81 deg
    Rotation axis: [-0.8686418738890102, 0.4953666128143838, -0.008556508364612128]
✓ Rotation angle in trigger range! Applying axis correction.
  -> Correcting along X axis
==================================================
Processing Frame 6 (index 6)
==================================================

--- Step 1: Position Outlier Detection ---
✓ Position outlier detected!
  Original position: [-0.08750062435865402, 0.04753529652953148, 0.9198188781738281]
  Corrected position: [-0.08781043440103531, 0.05908125638961792, 0.9109809696674347]

--- Step 2: Axis Angle Orientation Check ---
  X-axis angle: 78.65 deg
  Y-axis angle: 68.70 deg
  Z-axis angle: 36.39 deg
  Criteria not met, proceeding to Step 3.

--- Step 3: Specific Angle Range Rotation Correction ---
  Trigger ranges: [60.0-120.0] deg or [140.0-180.0] deg
  OR: 1 axis deviation <=10.0 deg, 2 axes deviation >=50.0 deg (diff <=10.0 deg), rotation angle >=50.0 deg
  OR: 1 axis deviation <=15.0 deg, 2 axes deviation >=145.0 deg (diff <=10.0 deg), rotation angle >=145.0 deg
  Relative rotation from frame 5:
    Rotation angle: 79.49 deg
    Rotation axis: [-0.1319571095551613, -0.47024497498478485, -0.872615026652307]
✓ Rotation angle in trigger range! Applying axis correction.
  -> Correcting along Z axis
==================================================
Processing Frame 7 (index 7)
==================================================

--- Step 1: Position Outlier Detection ---
  No position outlier detected.

--- Step 2: Axis Angle Orientation Check ---
  X-axis angle: 133.01 deg
  Y-axis angle: 46.65 deg
  Z-axis angle: 151.72 deg
  Criteria not met, proceeding to Step 3.

--- Step 3: Specific Angle Range Rotation Correction ---
  Trigger ranges: [60.0-120.0] deg or [140.0-180.0] deg
  OR: 1 axis deviation <=10.0 deg, 2 axes deviation >=50.0 deg (diff <=10.0 deg), rotation angle >=50.0 deg
  OR: 1 axis deviation <=15.0 deg, 2 axes deviation >=145.0 deg (diff <=10.0 deg), rotation angle >=145.0 deg
  Relative rotation from frame 6:
    Rotation angle: 159.75 deg
    Rotation axis: [-0.36349503590513543, -0.9155361575901043, -0.17223502262162652]
✓ Rotation angle in trigger range! Applying axis correction.
  -> Correcting along Y axis
==================================================
Processing Frame 8 (index 8)
==================================================

--- Step 1: Position Outlier Detection ---
  No position outlier detected.

--- Step 2: Axis Angle Orientation Check ---
  X-axis angle: 111.22 deg
  Y-axis angle: 58.42 deg
  Z-axis angle: 145.50 deg
  Criteria not met, proceeding to Step 3.

--- Step 3: Specific Angle Range Rotation Correction ---
  Trigger ranges: [60.0-120.0] deg or [140.0-180.0] deg
  OR: 1 axis deviation <=10.0 deg, 2 axes deviation >=50.0 deg (diff <=10.0 deg), rotation angle >=50.0 deg
  OR: 1 axis deviation <=15.0 deg, 2 axes deviation >=145.0 deg (diff <=10.0 deg), rotation angle >=145.0 deg
  Relative rotation from frame 7:
    Rotation angle: 146.22 deg
    Rotation axis: [0.506235981696572, 0.8601602571977416, 0.06204403898218602]
✓ Rotation angle in trigger range! Applying axis correction.
  -> Correcting along Y axis
==================================================
Processing Frame 9 (index 9)
==================================================

--- Step 1: Position Outlier Detection ---
  No position outlier detected.

--- Step 2: Axis Angle Orientation Check ---
  X-axis angle: 108.79 deg
  Y-axis angle: 81.17 deg
  Z-axis angle: 138.60 deg
  Criteria not met, proceeding to Step 3.

--- Step 3: Specific Angle Range Rotation Correction ---
  Trigger ranges: [60.0-120.0] deg or [140.0-180.0] deg
  OR: 1 axis deviation <=10.0 deg, 2 axes deviation >=50.0 deg (diff <=10.0 deg), rotation angle >=50.0 deg
  OR: 1 axis deviation <=15.0 deg, 2 axes deviation >=145.0 deg (diff <=10.0 deg), rotation angle >=145.0 deg
  Relative rotation from frame 8:
    Rotation angle: 163.61 deg
    Rotation axis: [-0.5702819386706584, -0.7536530983994301, 0.3267805344554271]
✓ Rotation angle in trigger range! Applying axis correction.
  -> Correcting along Y axis
==================================================
Processing Frame 10 (index 10)
==================================================

--- Step 1: Position Outlier Detection ---
  No position outlier detected.

--- Step 2: Axis Angle Orientation Check ---
  X-axis angle: 25.14 deg
  Y-axis angle: 162.19 deg
  Z-axis angle: 157.39 deg
  Criteria not met, proceeding to Step 3.

--- Step 3: Specific Angle Range Rotation Correction ---
  Trigger ranges: [60.0-120.0] deg or [140.0-180.0] deg
  OR: 1 axis deviation <=10.0 deg, 2 axes deviation >=50.0 deg (diff <=10.0 deg), rotation angle >=50.0 deg
  OR: 1 axis deviation <=15.0 deg, 2 axes deviation >=145.0 deg (diff <=10.0 deg), rotation angle >=145.0 deg
  Relative rotation from frame 9:
    Rotation angle: 170.06 deg
    Rotation axis: [-0.9758425778649541, 0.12872575673348857, -0.17652462371938868]
✓ Rotation angle in trigger range! Applying axis correction.
  -> Correcting along X axis
==================================================
Processing Frame 11 (index 11)
==================================================

--- Step 1: Position Outlier Detection ---
  No position outlier detected.

--- Step 2: Axis Angle Orientation Check ---
  X-axis angle: 38.99 deg
  Y-axis angle: 42.35 deg
  Z-axis angle: 47.22 deg
  Criteria not met, proceeding to Step 3.

--- Step 3: Specific Angle Range Rotation Correction ---
  Trigger ranges: [60.0-120.0] deg or [140.0-180.0] deg
  OR: 1 axis deviation <=10.0 deg, 2 axes deviation >=50.0 deg (diff <=10.0 deg), rotation angle >=50.0 deg
  OR: 1 axis deviation <=15.0 deg, 2 axes deviation >=145.0 deg (diff <=10.0 deg), rotation angle >=145.0 deg
  Relative rotation from frame 10:
    Rotation angle: 53.29 deg
    Rotation axis: [0.6679970816226054, 0.5927259069308661, 0.44995099532800714]
  Angle not in trigger range, no correction needed.
==================================================
Processing Frame 12 (index 12)
==================================================

--- Step 1: Position Outlier Detection ---
  No position outlier detected.

--- Step 2: Axis Angle Orientation Check ---
  X-axis angle: 33.09 deg
  Y-axis angle: 73.19 deg
  Z-axis angle: 76.11 deg
  Criteria not met, proceeding to Step 3.

--- Step 3: Specific Angle Range Rotation Correction ---
  Trigger ranges: [60.0-120.0] deg or [140.0-180.0] deg
  OR: 1 axis deviation <=10.0 deg, 2 axes deviation >=50.0 deg (diff <=10.0 deg), rotation angle >=50.0 deg
  OR: 1 axis deviation <=15.0 deg, 2 axes deviation >=145.0 deg (diff <=10.0 deg), rotation angle >=145.0 deg
  Relative rotation from frame 11:
    Rotation angle: 79.42 deg
    Rotation axis: [0.8952036526262994, 0.35976480684260204, -0.2630203491786083]
✓ Rotation angle in trigger range! Applying axis correction.
  -> Correcting along X axis
==================================================
Processing Frame 13 (index 13)
==================================================

--- Step 1: Position Outlier Detection ---
  No position outlier detected.

--- Step 2: Axis Angle Orientation Check ---
  X-axis angle: 74.56 deg
  Y-axis angle: 92.77 deg
  Z-axis angle: 93.36 deg
✓ Axis angle criteria met! Applying orientation correction.
  -> Copying previous frame orientation
  -> Skipping Step 3
==================================================
Processing Frame 14 (index 14)
==================================================

--- Step 1: Position Outlier Detection ---
  No position outlier detected.

--- Step 2: Axis Angle Orientation Check ---
  X-axis angle: 73.93 deg
  Y-axis angle: 83.23 deg
  Z-axis angle: 84.96 deg
✓ Axis angle criteria met! Applying orientation correction.
  -> Copying previous frame orientation
  -> Skipping Step 3
==================================================
Processing Frame 15 (index 15)
==================================================

--- Step 1: Position Outlier Detection ---
  No position outlier detected.

--- Step 2: Axis Angle Orientation Check ---
  X-axis angle: 138.47 deg
  Y-axis angle: 76.38 deg
  Z-axis angle: 95.54 deg
  Criteria not met, proceeding to Step 3.

--- Step 3: Specific Angle Range Rotation Correction ---
  Trigger ranges: [60.0-120.0] deg or [140.0-180.0] deg
  OR: 1 axis deviation <=10.0 deg, 2 axes deviation >=50.0 deg (diff <=10.0 deg), rotation angle >=50.0 deg
  OR: 1 axis deviation <=15.0 deg, 2 axes deviation >=145.0 deg (diff <=10.0 deg), rotation angle >=145.0 deg
  Relative rotation from frame 14:
    Rotation angle: 143.59 deg
    Rotation axis: [0.1765313758730526, -0.7592120587629005, 0.6264453073983116]
✓ Rotation angle in trigger range! Applying axis correction.
  -> Correcting along Y axis
==================================================
Processing Frame 16 (index 16)
==================================================

--- Step 1: Position Outlier Detection ---
  No position outlier detected.

--- Step 2: Axis Angle Orientation Check ---
  X-axis angle: 81.01 deg
  Y-axis angle: 80.48 deg
  Z-axis angle: 76.20 deg
✓ Axis angle criteria met! Applying orientation correction.
  -> Copying previous frame orientation
  -> Skipping Step 3
==================================================
Processing Frame 17 (index 17)
==================================================

--- Step 1: Position Outlier Detection ---
  No position outlier detected.

--- Step 2: Axis Angle Orientation Check ---
  X-axis angle: 42.98 deg
  Y-axis angle: 41.66 deg
  Z-axis angle: 10.17 deg
  Criteria not met, proceeding to Step 3.

--- Step 3: Specific Angle Range Rotation Correction ---
  Trigger ranges: [60.0-120.0] deg or [140.0-180.0] deg
  OR: 1 axis deviation <=10.0 deg, 2 axes deviation >=50.0 deg (diff <=10.0 deg), rotation angle >=50.0 deg
  OR: 1 axis deviation <=15.0 deg, 2 axes deviation >=145.0 deg (diff <=10.0 deg), rotation angle >=145.0 deg
  Relative rotation from frame 16:
    Rotation angle: 42.99 deg
    Rotation axis: [-0.023028802762974417, -0.2408042935896368, 0.9703004516293393]
  Angle not in trigger range, no correction needed.

============================================================
Object Pose Correction Log for obj 2
============================================================

==================================================
Processing Frame 0 (index 0)
==================================================

--- Step 1: Position Outlier Detection ---
  No position outlier detected.

--- First frame, no rotation correction needed ---
==================================================
Processing Frame 1 (index 1)
==================================================

--- Step 1: Position Outlier Detection ---
  No position outlier detected.

--- Step 2: Axis Angle Orientation Check ---
  X-axis angle: 1.57 deg
  Y-axis angle: 2.78 deg
  Z-axis angle: 2.32 deg
  Criteria not met, proceeding to Step 3.

--- Step 3: Specific Angle Range Rotation Correction ---
  Trigger ranges: [60.0-120.0] deg or [140.0-180.0] deg
  OR: 1 axis deviation <=10.0 deg, 2 axes deviation >=50.0 deg (diff <=10.0 deg), rotation angle >=50.0 deg
  OR: 1 axis deviation <=15.0 deg, 2 axes deviation >=145.0 deg (diff <=10.0 deg), rotation angle >=145.0 deg
  Relative rotation from frame 0:
    Rotation angle: 2.79 deg
    Rotation axis: [0.8265249555474614, 0.08301231632807551, 0.5567454114719892]
  Angle not in trigger range, no correction needed.
==================================================
Processing Frame 2 (index 2)
==================================================

--- Step 1: Position Outlier Detection ---
  No position outlier detected.

--- Step 2: Axis Angle Orientation Check ---
  X-axis angle: 0.99 deg
  Y-axis angle: 2.60 deg
  Z-axis angle: 2.48 deg
  Criteria not met, proceeding to Step 3.

--- Step 3: Specific Angle Range Rotation Correction ---
  Trigger ranges: [60.0-120.0] deg or [140.0-180.0] deg
  OR: 1 axis deviation <=10.0 deg, 2 axes deviation >=50.0 deg (diff <=10.0 deg), rotation angle >=50.0 deg
  OR: 1 axis deviation <=15.0 deg, 2 axes deviation >=145.0 deg (diff <=10.0 deg), rotation angle >=145.0 deg
  Relative rotation from frame 1:
    Rotation angle: 2.64 deg
    Rotation axis: [-0.9270634874329045, -0.15408496916536737, 0.3417764072402435]
  Angle not in trigger range, no correction needed.
==================================================
Processing Frame 3 (index 3)
==================================================

--- Step 1: Position Outlier Detection ---
  No position outlier detected.

--- Step 2: Axis Angle Orientation Check ---
  X-axis angle: 0.94 deg
  Y-axis angle: 2.92 deg
  Z-axis angle: 2.92 deg
  Criteria not met, proceeding to Step 3.

--- Step 3: Specific Angle Range Rotation Correction ---
  Trigger ranges: [60.0-120.0] deg or [140.0-180.0] deg
  OR: 1 axis deviation <=10.0 deg, 2 axes deviation >=50.0 deg (diff <=10.0 deg), rotation angle >=50.0 deg
  OR: 1 axis deviation <=15.0 deg, 2 axes deviation >=145.0 deg (diff <=10.0 deg), rotation angle >=145.0 deg
  Relative rotation from frame 2:
    Rotation angle: 2.99 deg
    Rotation axis: [0.9497498092799067, 0.2230773907102872, 0.2195718049446937]
  Angle not in trigger range, no correction needed.
==================================================
Processing Frame 4 (index 4)
==================================================

--- Step 1: Position Outlier Detection ---
  No position outlier detected.

--- Step 2: Axis Angle Orientation Check ---
  X-axis angle: 1.17 deg
  Y-axis angle: 0.98 deg
  Z-axis angle: 0.70 deg
  Criteria not met, proceeding to Step 3.

--- Step 3: Specific Angle Range Rotation Correction ---
  Trigger ranges: [60.0-120.0] deg or [140.0-180.0] deg
  OR: 1 axis deviation <=10.0 deg, 2 axes deviation >=50.0 deg (diff <=10.0 deg), rotation angle >=50.0 deg
  OR: 1 axis deviation <=15.0 deg, 2 axes deviation >=145.0 deg (diff <=10.0 deg), rotation angle >=145.0 deg
  Relative rotation from frame 3:
    Rotation angle: 1.19 deg
    Rotation axis: [0.1793980546357426, 0.5633053329137899, -0.8065379345720791]
  Angle not in trigger range, no correction needed.
==================================================
Processing Frame 5 (index 5)
==================================================

--- Step 1: Position Outlier Detection ---
  No position outlier detected.

--- Step 2: Axis Angle Orientation Check ---
  X-axis angle: 2.93 deg
  Y-axis angle: 4.35 deg
  Z-axis angle: 3.21 deg
  Criteria not met, proceeding to Step 3.

--- Step 3: Specific Angle Range Rotation Correction ---
  Trigger ranges: [60.0-120.0] deg or [140.0-180.0] deg
  OR: 1 axis deviation <=10.0 deg, 2 axes deviation >=50.0 deg (diff <=10.0 deg), rotation angle >=50.0 deg
  OR: 1 axis deviation <=15.0 deg, 2 axes deviation >=145.0 deg (diff <=10.0 deg), rotation angle >=145.0 deg
  Relative rotation from frame 4:
    Rotation angle: 4.35 deg
    Rotation axis: [-0.7388541366934519, 0.021514286583311688, 0.6735218631668796]
  Angle not in trigger range, no correction needed.
==================================================
Processing Frame 6 (index 6)
==================================================

--- Step 1: Position Outlier Detection ---
  No position outlier detected.

--- Step 2: Axis Angle Orientation Check ---
  X-axis angle: 3.25 deg
  Y-axis angle: 3.92 deg
  Z-axis angle: 2.68 deg
  Criteria not met, proceeding to Step 3.

--- Step 3: Specific Angle Range Rotation Correction ---
  Trigger ranges: [60.0-120.0] deg or [140.0-180.0] deg
  OR: 1 axis deviation <=10.0 deg, 2 axes deviation >=50.0 deg (diff <=10.0 deg), rotation angle >=50.0 deg
  OR: 1 axis deviation <=15.0 deg, 2 axes deviation >=145.0 deg (diff <=10.0 deg), rotation angle >=145.0 deg
  Relative rotation from frame 5:
    Rotation angle: 4.07 deg
    Rotation axis: [0.6028678134612641, 0.2654529308646087, -0.7523862977140292]
  Angle not in trigger range, no correction needed.
==================================================
Processing Frame 7 (index 7)
==================================================

--- Step 1: Position Outlier Detection ---
  No position outlier detected.

--- Step 2: Axis Angle Orientation Check ---
  X-axis angle: 4.17 deg
  Y-axis angle: 3.69 deg
  Z-axis angle: 2.66 deg
  Criteria not met, proceeding to Step 3.

--- Step 3: Specific Angle Range Rotation Correction ---
  Trigger ranges: [60.0-120.0] deg or [140.0-180.0] deg
  OR: 1 axis deviation <=10.0 deg, 2 axes deviation >=50.0 deg (diff <=10.0 deg), rotation angle >=50.0 deg
  OR: 1 axis deviation <=15.0 deg, 2 axes deviation >=145.0 deg (diff <=10.0 deg), rotation angle >=145.0 deg
  Relative rotation from frame 6:
    Rotation angle: 4.36 deg
    Rotation axis: [-0.2973270935815889, 0.5327915932136152, 0.792293959098025]
  Angle not in trigger range, no correction needed.
==================================================
Processing Frame 8 (index 8)
==================================================

--- Step 1: Position Outlier Detection ---
  No position outlier detected.

--- Step 2: Axis Angle Orientation Check ---
  X-axis angle: 150.66 deg
  Y-axis angle: 148.62 deg
  Z-axis angle: 12.56 deg
  Criteria not met, proceeding to Step 3.

--- Step 3: Specific Angle Range Rotation Correction ---
  Trigger ranges: [60.0-120.0] deg or [140.0-180.0] deg
  OR: 1 axis deviation <=10.0 deg, 2 axes deviation >=50.0 deg (diff <=10.0 deg), rotation angle >=50.0 deg
  OR: 1 axis deviation <=15.0 deg, 2 axes deviation >=145.0 deg (diff <=10.0 deg), rotation angle >=145.0 deg
  Relative rotation from frame 7:
    Rotation angle: 151.01 deg
    Rotation axis: [-0.039590411397949374, -0.10579658944210399, 0.9935993563744694]
✓ Rotation angle in trigger range! Applying axis correction.
  -> Correcting along Z axis
==================================================
Processing Frame 9 (index 9)
==================================================

--- Step 1: Position Outlier Detection ---
  No position outlier detected.

--- Step 2: Axis Angle Orientation Check ---
  X-axis angle: 110.73 deg
  Y-axis angle: 62.52 deg
  Z-axis angle: 81.74 deg
  Criteria not met, proceeding to Step 3.

--- Step 3: Specific Angle Range Rotation Correction ---
  Trigger ranges: [60.0-120.0] deg or [140.0-180.0] deg
  OR: 1 axis deviation <=10.0 deg, 2 axes deviation >=50.0 deg (diff <=10.0 deg), rotation angle >=50.0 deg
  OR: 1 axis deviation <=15.0 deg, 2 axes deviation >=145.0 deg (diff <=10.0 deg), rotation angle >=145.0 deg
  Relative rotation from frame 8:
    Rotation angle: 111.99 deg
    Rotation axis: [0.12211006959226405, 0.7798224977955442, 0.6139755718561538]
✓ Rotation angle in trigger range! Applying axis correction.
  -> Correcting along Y axis
==================================================
Processing Frame 10 (index 10)
==================================================

--- Step 1: Position Outlier Detection ---
  No position outlier detected.

--- Step 2: Axis Angle Orientation Check ---
  X-axis angle: 98.07 deg
  Y-axis angle: 89.27 deg
  Z-axis angle: 96.37 deg
✓ Axis angle criteria met! Applying orientation correction.
  -> Copying previous frame orientation
  -> Skipping Step 3
==================================================
Processing Frame 11 (index 11)
==================================================

--- Step 1: Position Outlier Detection ---
  No position outlier detected.

--- Step 2: Axis Angle Orientation Check ---
  X-axis angle: 119.24 deg
  Y-axis angle: 59.11 deg
  Z-axis angle: 96.81 deg
  Criteria not met, proceeding to Step 3.

--- Step 3: Specific Angle Range Rotation Correction ---
  Trigger ranges: [60.0-120.0] deg or [140.0-180.0] deg
  OR: 1 axis deviation <=10.0 deg, 2 axes deviation >=50.0 deg (diff <=10.0 deg), rotation angle >=50.0 deg
  OR: 1 axis deviation <=15.0 deg, 2 axes deviation >=145.0 deg (diff <=10.0 deg), rotation angle >=145.0 deg
  Relative rotation from frame 10:
    Rotation angle: 123.15 deg
    Rotation axis: [0.194229177895458, -0.8278949288850299, 0.5261796396483863]
  Angle not in trigger range, no correction needed.
==================================================
Processing Frame 12 (index 12)
==================================================

--- Step 1: Position Outlier Detection ---
  No position outlier detected.

--- Step 2: Axis Angle Orientation Check ---
  X-axis angle: 61.97 deg
  Y-axis angle: 42.68 deg
  Z-axis angle: 74.20 deg
  Criteria not met, proceeding to Step 3.

--- Step 3: Specific Angle Range Rotation Correction ---
  Trigger ranges: [60.0-120.0] deg or [140.0-180.0] deg
  OR: 1 axis deviation <=10.0 deg, 2 axes deviation >=50.0 deg (diff <=10.0 deg), rotation angle >=50.0 deg
  OR: 1 axis deviation <=15.0 deg, 2 axes deviation >=145.0 deg (diff <=10.0 deg), rotation angle >=145.0 deg
  Relative rotation from frame 11:
    Rotation angle: 76.19 deg
    Rotation axis: [-0.5510914576502494, -0.8075284620166792, 0.21022841943443402]
✓ Rotation angle in trigger range! Applying axis correction.
  -> Correcting along Y axis
==================================================
Processing Frame 13 (index 13)
==================================================

--- Step 1: Position Outlier Detection ---
  No position outlier detected.

--- Step 2: Axis Angle Orientation Check ---
  X-axis angle: 80.95 deg
  Y-axis angle: 10.59 deg
  Z-axis angle: 80.56 deg
  Criteria not met, proceeding to Step 3.

--- Step 3: Specific Angle Range Rotation Correction ---
  Trigger ranges: [60.0-120.0] deg or [140.0-180.0] deg
  OR: 1 axis deviation <=10.0 deg, 2 axes deviation >=50.0 deg (diff <=10.0 deg), rotation angle >=50.0 deg
  OR: 1 axis deviation <=15.0 deg, 2 axes deviation >=145.0 deg (diff <=10.0 deg), rotation angle >=145.0 deg
  Relative rotation from frame 12:
    Rotation angle: 81.25 deg
    Rotation axis: [-0.07820301469949137, -0.9899135776434074, -0.11813296444744405]
✓ Rotation angle in trigger range! Applying axis correction.
  -> Correcting along Y axis
==================================================
Processing Frame 14 (index 14)
==================================================

--- Step 1: Position Outlier Detection ---
  No position outlier detected.

--- Step 2: Axis Angle Orientation Check ---
  X-axis angle: 105.89 deg
  Y-axis angle: 111.46 deg
  Z-axis angle: 64.70 deg
  Criteria not met, proceeding to Step 3.

--- Step 3: Specific Angle Range Rotation Correction ---
  Trigger ranges: [60.0-120.0] deg or [140.0-180.0] deg
  OR: 1 axis deviation <=10.0 deg, 2 axes deviation >=50.0 deg (diff <=10.0 deg), rotation angle >=50.0 deg
  OR: 1 axis deviation <=15.0 deg, 2 axes deviation >=145.0 deg (diff <=10.0 deg), rotation angle >=145.0 deg
  Relative rotation from frame 13:
    Rotation angle: 127.31 deg
    Rotation axis: [0.45487220680676504, 0.386802517568119, -0.8021689896011367]
  Angle not in trigger range, no correction needed.
==================================================
Processing Frame 15 (index 15)
==================================================

--- Step 1: Position Outlier Detection ---
  No position outlier detected.

--- Step 2: Axis Angle Orientation Check ---
  X-axis angle: 115.98 deg
  Y-axis angle: 76.79 deg
  Z-axis angle: 103.30 deg
  Criteria not met, proceeding to Step 3.

--- Step 3: Specific Angle Range Rotation Correction ---
  Trigger ranges: [60.0-120.0] deg or [140.0-180.0] deg
  OR: 1 axis deviation <=10.0 deg, 2 axes deviation >=50.0 deg (diff <=10.0 deg), rotation angle >=50.0 deg
  OR: 1 axis deviation <=15.0 deg, 2 axes deviation >=145.0 deg (diff <=10.0 deg), rotation angle >=145.0 deg
  Relative rotation from frame 14:
    Rotation angle: 136.04 deg
    Rotation axis: [0.4047943914610241, -0.7425618054562677, 0.5336135921425046]
  Angle not in trigger range, no correction needed.
==================================================
Processing Frame 16 (index 16)
==================================================

--- Step 1: Position Outlier Detection ---
  No position outlier detected.

--- Step 2: Axis Angle Orientation Check ---
  X-axis angle: 2.68 deg
  Y-axis angle: 2.93 deg
  Z-axis angle: 1.20 deg
  Criteria not met, proceeding to Step 3.

--- Step 3: Specific Angle Range Rotation Correction ---
  Trigger ranges: [60.0-120.0] deg or [140.0-180.0] deg
  OR: 1 axis deviation <=10.0 deg, 2 axes deviation >=50.0 deg (diff <=10.0 deg), rotation angle >=50.0 deg
  OR: 1 axis deviation <=15.0 deg, 2 axes deviation >=145.0 deg (diff <=10.0 deg), rotation angle >=145.0 deg
  Relative rotation from frame 15:
    Rotation angle: 2.93 deg
    Rotation axis: [0.40671335047029, -0.032358127339373564, -0.9129825858932469]
  Angle not in trigger range, no correction needed.
==================================================
Processing Frame 17 (index 17)
==================================================

--- Step 1: Position Outlier Detection ---
  No position outlier detected.

--- Step 2: Axis Angle Orientation Check ---
  X-axis angle: 6.49 deg
  Y-axis angle: 6.85 deg
  Z-axis angle: 2.53 deg
  Criteria not met, proceeding to Step 3.

--- Step 3: Specific Angle Range Rotation Correction ---
  Trigger ranges: [60.0-120.0] deg or [140.0-180.0] deg
  OR: 1 axis deviation <=10.0 deg, 2 axes deviation >=50.0 deg (diff <=10.0 deg), rotation angle >=50.0 deg
  OR: 1 axis deviation <=15.0 deg, 2 axes deviation >=145.0 deg (diff <=10.0 deg), rotation angle >=145.0 deg
  Relative rotation from frame 16:
    Rotation angle: 6.91 deg
    Rotation axis: [0.3414664169268987, -0.1340133240500433, 0.9302908766015947]
  Angle not in trigger range, no correction needed.
