=== Combined Object Pose Correction Log ===

============================================================
Object Pose Correction Log for obj 1
============================================================

==================================================
Processing Frame 0 (index 0)
==================================================

--- Step 1: Position Outlier Detection ---
  No position outlier detected.

--- First frame, no rotation correction needed ---
==================================================
Processing Frame 1 (index 1)
==================================================

--- Step 1: Position Outlier Detection ---
  No position outlier detected.

--- Step 2: Axis Angle Orientation Check ---
  X-axis angle: 1.01 deg
  Y-axis angle: 0.44 deg
  Z-axis angle: 0.92 deg
  Criteria not met, proceeding to Step 3.

--- Step 3: Specific Angle Range Rotation Correction ---
  Trigger ranges: [60.0-120.0] deg or [140.0-180.0] deg
  OR: 1 axis deviation <=10.0 deg, 2 axes deviation >=50.0 deg (diff <=10.0 deg), rotation angle >=50.0 deg
  OR: 1 axis deviation <=15.0 deg, 2 axes deviation >=145.0 deg (diff <=10.0 deg), rotation angle >=145.0 deg
  Relative rotation from frame 0:
    Rotation angle: 1.02 deg
    Rotation axis: [0.09816940097297115, 0.9015943838384706, -0.42129601914038606]
  Angle not in trigger range, no correction needed.
==================================================
Processing Frame 2 (index 2)
==================================================

--- Step 1: Position Outlier Detection ---
  No position outlier detected.

--- Step 2: Axis Angle Orientation Check ---
  X-axis angle: 53.07 deg
  Y-axis angle: 4.64 deg
  Z-axis angle: 53.12 deg
  Criteria not met, proceeding to Step 3.

--- Step 3: Specific Angle Range Rotation Correction ---
  Trigger ranges: [60.0-120.0] deg or [140.0-180.0] deg
  OR: 1 axis deviation <=10.0 deg, 2 axes deviation >=50.0 deg (diff <=10.0 deg), rotation angle >=50.0 deg
  OR: 1 axis deviation <=15.0 deg, 2 axes deviation >=145.0 deg (diff <=10.0 deg), rotation angle >=145.0 deg
  Relative rotation from frame 1:
    Rotation angle: 53.21 deg
    Rotation axis: [-0.069921659680165, -0.9959015993296868, 0.057366941352516826]
✓ Rotation angle in trigger range! Applying axis correction.
  -> Correcting along Y axis
==================================================
Processing Frame 3 (index 3)
==================================================

--- Step 1: Position Outlier Detection ---
  No position outlier detected.

--- Step 2: Axis Angle Orientation Check ---
  X-axis angle: 2.99 deg
  Y-axis angle: 176.54 deg
  Z-axis angle: 178.26 deg
  Criteria not met, proceeding to Step 3.

--- Step 3: Specific Angle Range Rotation Correction ---
  Trigger ranges: [60.0-120.0] deg or [140.0-180.0] deg
  OR: 1 axis deviation <=10.0 deg, 2 axes deviation >=50.0 deg (diff <=10.0 deg), rotation angle >=50.0 deg
  OR: 1 axis deviation <=15.0 deg, 2 axes deviation >=145.0 deg (diff <=10.0 deg), rotation angle >=145.0 deg
  Relative rotation from frame 2:
    Rotation angle: 178.26 deg
    Rotation axis: [0.9996601386735594, 0.02606779338756607, -0.00027801989690108797]
✓ Rotation angle in trigger range! Applying axis correction.
  -> Correcting along X axis
==================================================
Processing Frame 4 (index 4)
==================================================

--- Step 1: Position Outlier Detection ---
  No position outlier detected.

--- Step 2: Axis Angle Orientation Check ---
  X-axis angle: 91.64 deg
  Y-axis angle: 10.43 deg
  Z-axis angle: 90.98 deg
  Criteria not met, proceeding to Step 3.

--- Step 3: Specific Angle Range Rotation Correction ---
  Trigger ranges: [60.0-120.0] deg or [140.0-180.0] deg
  OR: 1 axis deviation <=10.0 deg, 2 axes deviation >=50.0 deg (diff <=10.0 deg), rotation angle >=50.0 deg
  OR: 1 axis deviation <=15.0 deg, 2 axes deviation >=145.0 deg (diff <=10.0 deg), rotation angle >=145.0 deg
  Relative rotation from frame 3:
    Rotation angle: 91.78 deg
    Rotation axis: [-0.049029064635977074, -0.9919543548787237, -0.1167163598560901]
✓ Rotation angle in trigger range! Applying axis correction.
  -> Correcting along Y axis
==================================================
Processing Frame 5 (index 5)
==================================================

--- Step 1: Position Outlier Detection ---
  No position outlier detected.

--- Step 2: Axis Angle Orientation Check ---
  X-axis angle: 103.92 deg
  Y-axis angle: 50.15 deg
  Z-axis angle: 93.87 deg
  Criteria not met, proceeding to Step 3.

--- Step 3: Specific Angle Range Rotation Correction ---
  Trigger ranges: [60.0-120.0] deg or [140.0-180.0] deg
  OR: 1 axis deviation <=10.0 deg, 2 axes deviation >=50.0 deg (diff <=10.0 deg), rotation angle >=50.0 deg
  OR: 1 axis deviation <=15.0 deg, 2 axes deviation >=145.0 deg (diff <=10.0 deg), rotation angle >=145.0 deg
  Relative rotation from frame 4:
    Rotation angle: 109.49 deg
    Rotation axis: [-0.2640760812561868, -0.854804478966175, 0.44673608097817896]
✓ Rotation angle in trigger range! Applying axis correction.
  -> Correcting along Y axis
==================================================
Processing Frame 6 (index 6)
==================================================

--- Step 1: Position Outlier Detection ---
  No position outlier detected.

--- Step 2: Axis Angle Orientation Check ---
  X-axis angle: 53.79 deg
  Y-axis angle: 21.36 deg
  Z-axis angle: 55.20 deg
  Criteria not met, proceeding to Step 3.

--- Step 3: Specific Angle Range Rotation Correction ---
  Trigger ranges: [60.0-120.0] deg or [140.0-180.0] deg
  OR: 1 axis deviation <=10.0 deg, 2 axes deviation >=50.0 deg (diff <=10.0 deg), rotation angle >=50.0 deg
  OR: 1 axis deviation <=15.0 deg, 2 axes deviation >=145.0 deg (diff <=10.0 deg), rotation angle >=145.0 deg
  Relative rotation from frame 5:
    Rotation angle: 56.88 deg
    Rotation axis: [0.3127453728957091, -0.9211669687597142, -0.23160688115503772]
  Angle not in trigger range, no correction needed.
==================================================
Processing Frame 7 (index 7)
==================================================

--- Step 1: Position Outlier Detection ---
  No position outlier detected.

--- Step 2: Axis Angle Orientation Check ---
  X-axis angle: 173.31 deg
  Y-axis angle: 47.49 deg
  Z-axis angle: 133.00 deg
  Criteria not met, proceeding to Step 3.

--- Step 3: Specific Angle Range Rotation Correction ---
  Trigger ranges: [60.0-120.0] deg or [140.0-180.0] deg
  OR: 1 axis deviation <=10.0 deg, 2 axes deviation >=50.0 deg (diff <=10.0 deg), rotation angle >=50.0 deg
  OR: 1 axis deviation <=15.0 deg, 2 axes deviation >=145.0 deg (diff <=10.0 deg), rotation angle >=145.0 deg
  Relative rotation from frame 6:
    Rotation angle: 178.56 deg
    Rotation axis: [-0.05697714455916013, -0.9153490698732061, 0.39860969039919364]
✓ Rotation angle in trigger range! Applying axis correction.
  -> Correcting along Y axis
==================================================
Processing Frame 8 (index 8)
==================================================

--- Step 1: Position Outlier Detection ---
  No position outlier detected.

--- Step 2: Axis Angle Orientation Check ---
  X-axis angle: 47.96 deg
  Y-axis angle: 67.67 deg
  Z-axis angle: 44.92 deg
  Criteria not met, proceeding to Step 3.

--- Step 3: Specific Angle Range Rotation Correction ---
  Trigger ranges: [60.0-120.0] deg or [140.0-180.0] deg
  OR: 1 axis deviation <=10.0 deg, 2 axes deviation >=50.0 deg (diff <=10.0 deg), rotation angle >=50.0 deg
  OR: 1 axis deviation <=15.0 deg, 2 axes deviation >=145.0 deg (diff <=10.0 deg), rotation angle >=145.0 deg
  Relative rotation from frame 7:
    Rotation angle: 67.74 deg
    Rotation axis: [-0.684215704476775, -0.041845607951679485, 0.7280781653383823]
✓ Rotation angle in trigger range! Applying axis correction.
  -> Correcting along Z axis
==================================================
Processing Frame 9 (index 9)
==================================================

--- Step 1: Position Outlier Detection ---
  No position outlier detected.

--- Step 2: Axis Angle Orientation Check ---
  X-axis angle: 40.55 deg
  Y-axis angle: 76.31 deg
  Z-axis angle: 90.20 deg
  Criteria not met, proceeding to Step 3.

--- Step 3: Specific Angle Range Rotation Correction ---
  Trigger ranges: [60.0-120.0] deg or [140.0-180.0] deg
  OR: 1 axis deviation <=10.0 deg, 2 axes deviation >=50.0 deg (diff <=10.0 deg), rotation angle >=50.0 deg
  OR: 1 axis deviation <=15.0 deg, 2 axes deviation >=145.0 deg (diff <=10.0 deg), rotation angle >=145.0 deg
  Relative rotation from frame 8:
    Rotation angle: 90.20 deg
    Rotation axis: [0.8721952394633145, 0.48913268637160007, -0.004967834581911058]
✓ Rotation angle in trigger range! Applying axis correction.
  -> Correcting along X axis
==================================================
Processing Frame 10 (index 10)
==================================================

--- Step 1: Position Outlier Detection ---
  No position outlier detected.

--- Step 2: Axis Angle Orientation Check ---
  X-axis angle: 34.13 deg
  Y-axis angle: 111.01 deg
  Z-axis angle: 106.61 deg
  Criteria not met, proceeding to Step 3.

--- Step 3: Specific Angle Range Rotation Correction ---
  Trigger ranges: [60.0-120.0] deg or [140.0-180.0] deg
  OR: 1 axis deviation <=10.0 deg, 2 axes deviation >=50.0 deg (diff <=10.0 deg), rotation angle >=50.0 deg
  OR: 1 axis deviation <=15.0 deg, 2 axes deviation >=145.0 deg (diff <=10.0 deg), rotation angle >=145.0 deg
  Relative rotation from frame 9:
    Rotation angle: 114.10 deg
    Rotation axis: [0.9368577130520729, -0.18797025055127495, 0.2948979660874772]
✓ Rotation angle in trigger range! Applying axis correction.
  -> Correcting along X axis
==================================================
Processing Frame 11 (index 11)
==================================================

--- Step 1: Position Outlier Detection ---
  No position outlier detected.

--- Step 2: Axis Angle Orientation Check ---
  X-axis angle: 94.38 deg
  Y-axis angle: 80.09 deg
  Z-axis angle: 90.96 deg
✓ Axis angle criteria met! Applying orientation correction.
  -> Copying previous frame orientation
  -> Skipping Step 3
==================================================
Processing Frame 12 (index 12)
==================================================

--- Step 1: Position Outlier Detection ---
  No position outlier detected.

--- Step 2: Axis Angle Orientation Check ---
  X-axis angle: 115.22 deg
  Y-axis angle: 77.28 deg
  Z-axis angle: 98.31 deg
  Criteria not met, proceeding to Step 3.

--- Step 3: Specific Angle Range Rotation Correction ---
  Trigger ranges: [60.0-120.0] deg or [140.0-180.0] deg
  OR: 1 axis deviation <=10.0 deg, 2 axes deviation >=50.0 deg (diff <=10.0 deg), rotation angle >=50.0 deg
  OR: 1 axis deviation <=15.0 deg, 2 axes deviation >=145.0 deg (diff <=10.0 deg), rotation angle >=145.0 deg
  Relative rotation from frame 11:
    Rotation angle: 132.47 deg
    Rotation axis: [-0.38565930971089, 0.7311079012016617, -0.562803814516054]
  Angle not in trigger range, no correction needed.
==================================================
Processing Frame 13 (index 13)
==================================================

--- Step 1: Position Outlier Detection ---
  No position outlier detected.

--- Step 2: Axis Angle Orientation Check ---
  X-axis angle: 142.91 deg
  Y-axis angle: 15.98 deg
  Z-axis angle: 146.23 deg
  Criteria not met, proceeding to Step 3.

--- Step 3: Specific Angle Range Rotation Correction ---
  Trigger ranges: [60.0-120.0] deg or [140.0-180.0] deg
  OR: 1 axis deviation <=10.0 deg, 2 axes deviation >=50.0 deg (diff <=10.0 deg), rotation angle >=50.0 deg
  OR: 1 axis deviation <=15.0 deg, 2 axes deviation >=145.0 deg (diff <=10.0 deg), rotation angle >=145.0 deg
  Relative rotation from frame 12:
    Rotation angle: 146.49 deg
    Rotation axis: [-0.14032077017824965, 0.9894024369313441, -0.03732156549369772]
✓ Rotation angle in trigger range! Applying axis correction.
  -> Correcting along Y axis
==================================================
Processing Frame 14 (index 14)
==================================================

--- Step 1: Position Outlier Detection ---
  No position outlier detected.

--- Step 2: Axis Angle Orientation Check ---
  X-axis angle: 98.31 deg
  Y-axis angle: 16.84 deg
  Z-axis angle: 96.05 deg
  Criteria not met, proceeding to Step 3.

--- Step 3: Specific Angle Range Rotation Correction ---
  Trigger ranges: [60.0-120.0] deg or [140.0-180.0] deg
  OR: 1 axis deviation <=10.0 deg, 2 axes deviation >=50.0 deg (diff <=10.0 deg), rotation angle >=50.0 deg
  OR: 1 axis deviation <=15.0 deg, 2 axes deviation >=145.0 deg (diff <=10.0 deg), rotation angle >=145.0 deg
  Relative rotation from frame 13:
    Rotation angle: 98.42 deg
    Rotation axis: [-0.0401354933450466, -0.9811144225560808, -0.18921847696881475]
✓ Rotation angle in trigger range! Applying axis correction.
  -> Correcting along Y axis
==================================================
Processing Frame 15 (index 15)
==================================================

--- Step 1: Position Outlier Detection ---
  No position outlier detected.

--- Step 2: Axis Angle Orientation Check ---
  X-axis angle: 105.91 deg
  Y-axis angle: 152.02 deg
  Z-axis angle: 73.05 deg
  Criteria not met, proceeding to Step 3.

--- Step 3: Specific Angle Range Rotation Correction ---
  Trigger ranges: [60.0-120.0] deg or [140.0-180.0] deg
  OR: 1 axis deviation <=10.0 deg, 2 axes deviation >=50.0 deg (diff <=10.0 deg), rotation angle >=50.0 deg
  OR: 1 axis deviation <=15.0 deg, 2 axes deviation >=145.0 deg (diff <=10.0 deg), rotation angle >=145.0 deg
  Relative rotation from frame 14:
    Rotation angle: 158.89 deg
    Rotation axis: [-0.5837859738210555, 0.16043333740763088, 0.7958989138188662]
✓ Rotation angle in trigger range! Applying axis correction.
  -> Correcting along Z axis
==================================================
Processing Frame 16 (index 16)
==================================================

--- Step 1: Position Outlier Detection ---
✓ Position outlier detected!
  Original position: [0.025684593245387077, -0.5230058431625366, 1.8848518133163452]
  Corrected position: [0.05724061280488968, -0.1678154543042183, 0.7823993265628815]

--- Step 2: Axis Angle Orientation Check ---
  X-axis angle: 52.50 deg
  Y-axis angle: 55.83 deg
  Z-axis angle: 38.73 deg
  Criteria not met, proceeding to Step 3.

--- Step 3: Specific Angle Range Rotation Correction ---
  Trigger ranges: [60.0-120.0] deg or [140.0-180.0] deg
  OR: 1 axis deviation <=10.0 deg, 2 axes deviation >=50.0 deg (diff <=10.0 deg), rotation angle >=50.0 deg
  OR: 1 axis deviation <=15.0 deg, 2 axes deviation >=145.0 deg (diff <=10.0 deg), rotation angle >=145.0 deg
  Relative rotation from frame 15:
    Rotation angle: 61.62 deg
    Rotation axis: [0.5044376022132082, 0.4056436354673115, -0.7622309010255698]
✓ Rotation angle in trigger range! Applying axis correction.
  -> Correcting along Z axis
==================================================
Processing Frame 17 (index 17)
==================================================

--- Step 1: Position Outlier Detection ---
  No position outlier detected.

--- Step 2: Axis Angle Orientation Check ---
  X-axis angle: 13.42 deg
  Y-axis angle: 45.71 deg
  Z-axis angle: 47.83 deg
  Criteria not met, proceeding to Step 3.

--- Step 3: Specific Angle Range Rotation Correction ---
  Trigger ranges: [60.0-120.0] deg or [140.0-180.0] deg
  OR: 1 axis deviation <=10.0 deg, 2 axes deviation >=50.0 deg (diff <=10.0 deg), rotation angle >=50.0 deg
  OR: 1 axis deviation <=15.0 deg, 2 axes deviation >=145.0 deg (diff <=10.0 deg), rotation angle >=145.0 deg
  Relative rotation from frame 16:
    Rotation angle: 47.84 deg
    Rotation axis: [0.9575923419636823, -0.2869534565750288, -0.02597345514469304]
  Angle not in trigger range, no correction needed.
==================================================
Processing Frame 18 (index 18)
==================================================

--- Step 1: Position Outlier Detection ---
  No position outlier detected.

--- Step 2: Axis Angle Orientation Check ---
  X-axis angle: 153.40 deg
  Y-axis angle: 16.01 deg
  Z-axis angle: 148.80 deg
  Criteria not met, proceeding to Step 3.

--- Step 3: Specific Angle Range Rotation Correction ---
  Trigger ranges: [60.0-120.0] deg or [140.0-180.0] deg
  OR: 1 axis deviation <=10.0 deg, 2 axes deviation >=50.0 deg (diff <=10.0 deg), rotation angle >=50.0 deg
  OR: 1 axis deviation <=15.0 deg, 2 axes deviation >=145.0 deg (diff <=10.0 deg), rotation angle >=145.0 deg
  Relative rotation from frame 17:
    Rotation angle: 153.40 deg
    Rotation axis: [0.0004601822958225786, 0.9897044153397917, 0.1431256737597266]
✓ Rotation angle in trigger range! Applying axis correction.
  -> Correcting along Y axis
==================================================
Processing Frame 19 (index 19)
==================================================

--- Step 1: Position Outlier Detection ---
  No position outlier detected.

--- Step 2: Axis Angle Orientation Check ---
  X-axis angle: 35.41 deg
  Y-axis angle: 57.42 deg
  Z-axis angle: 66.33 deg
  Criteria not met, proceeding to Step 3.

--- Step 3: Specific Angle Range Rotation Correction ---
  Trigger ranges: [60.0-120.0] deg or [140.0-180.0] deg
  OR: 1 axis deviation <=10.0 deg, 2 axes deviation >=50.0 deg (diff <=10.0 deg), rotation angle >=50.0 deg
  OR: 1 axis deviation <=15.0 deg, 2 axes deviation >=145.0 deg (diff <=10.0 deg), rotation angle >=145.0 deg
  Relative rotation from frame 18:
    Rotation angle: 67.82 deg
    Rotation axis: [-0.8383665924421918, -0.5085545272860189, 0.19624920242834562]
✓ Rotation angle in trigger range! Applying axis correction.
  -> Correcting along X axis
==================================================
Processing Frame 20 (index 20)
==================================================

--- Step 1: Position Outlier Detection ---
  No position outlier detected.

--- Step 2: Axis Angle Orientation Check ---
  X-axis angle: 110.79 deg
  Y-axis angle: 41.25 deg
  Z-axis angle: 104.62 deg
  Criteria not met, proceeding to Step 3.

--- Step 3: Specific Angle Range Rotation Correction ---
  Trigger ranges: [60.0-120.0] deg or [140.0-180.0] deg
  OR: 1 axis deviation <=10.0 deg, 2 axes deviation >=50.0 deg (diff <=10.0 deg), rotation angle >=50.0 deg
  OR: 1 axis deviation <=15.0 deg, 2 axes deviation >=145.0 deg (diff <=10.0 deg), rotation angle >=145.0 deg
  Relative rotation from frame 19:
    Rotation angle: 115.32 deg
    Rotation axis: [0.22577513496015536, -0.9089596704775471, -0.35045385698986453]
✓ Rotation angle in trigger range! Applying axis correction.
  -> Correcting along Y axis
==================================================
Processing Frame 21 (index 21)
==================================================

--- Step 1: Position Outlier Detection ---
  No position outlier detected.

--- Step 2: Axis Angle Orientation Check ---
  X-axis angle: 129.06 deg
  Y-axis angle: 118.01 deg
  Z-axis angle: 42.29 deg
  Criteria not met, proceeding to Step 3.

--- Step 3: Specific Angle Range Rotation Correction ---
  Trigger ranges: [60.0-120.0] deg or [140.0-180.0] deg
  OR: 1 axis deviation <=10.0 deg, 2 axes deviation >=50.0 deg (diff <=10.0 deg), rotation angle >=50.0 deg
  OR: 1 axis deviation <=15.0 deg, 2 axes deviation >=145.0 deg (diff <=10.0 deg), rotation angle >=145.0 deg
  Relative rotation from frame 20:
    Rotation angle: 132.85 deg
    Rotation axis: [0.17224043527319605, 0.3539367359147434, -0.9192725490445786]
  Angle not in trigger range, no correction needed.

============================================================
Object Pose Correction Log for obj 2
============================================================

==================================================
Processing Frame 0 (index 0)
==================================================

--- Step 1: Position Outlier Detection ---
  No position outlier detected.

--- First frame, no rotation correction needed ---
==================================================
Processing Frame 1 (index 1)
==================================================

--- Step 1: Position Outlier Detection ---
  No position outlier detected.

--- Step 2: Axis Angle Orientation Check ---
  X-axis angle: 0.95 deg
  Y-axis angle: 0.86 deg
  Z-axis angle: 0.44 deg
  Criteria not met, proceeding to Step 3.

--- Step 3: Specific Angle Range Rotation Correction ---
  Trigger ranges: [60.0-120.0] deg or [140.0-180.0] deg
  OR: 1 axis deviation <=10.0 deg, 2 axes deviation >=50.0 deg (diff <=10.0 deg), rotation angle >=50.0 deg
  OR: 1 axis deviation <=15.0 deg, 2 axes deviation >=145.0 deg (diff <=10.0 deg), rotation angle >=145.0 deg
  Relative rotation from frame 0:
    Rotation angle: 0.96 deg
    Rotation axis: [0.14771238651357385, -0.43399705750022227, -0.8887224566486509]
  Angle not in trigger range, no correction needed.
==================================================
Processing Frame 2 (index 2)
==================================================

--- Step 1: Position Outlier Detection ---
  No position outlier detected.

--- Step 2: Axis Angle Orientation Check ---
  X-axis angle: 0.61 deg
  Y-axis angle: 0.21 deg
  Z-axis angle: 0.64 deg
  Criteria not met, proceeding to Step 3.

--- Step 3: Specific Angle Range Rotation Correction ---
  Trigger ranges: [60.0-120.0] deg or [140.0-180.0] deg
  OR: 1 axis deviation <=10.0 deg, 2 axes deviation >=50.0 deg (diff <=10.0 deg), rotation angle >=50.0 deg
  OR: 1 axis deviation <=15.0 deg, 2 axes deviation >=145.0 deg (diff <=10.0 deg), rotation angle >=145.0 deg
  Relative rotation from frame 1:
    Rotation angle: 0.64 deg
    Rotation axis: [0.3050767164871201, 0.9482463244189417, -0.08807443036094266]
  Angle not in trigger range, no correction needed.
==================================================
Processing Frame 3 (index 3)
==================================================

--- Step 1: Position Outlier Detection ---
  No position outlier detected.

--- Step 2: Axis Angle Orientation Check ---
  X-axis angle: 0.74 deg
  Y-axis angle: 0.74 deg
  Z-axis angle: 0.19 deg
  Criteria not met, proceeding to Step 3.

--- Step 3: Specific Angle Range Rotation Correction ---
  Trigger ranges: [60.0-120.0] deg or [140.0-180.0] deg
  OR: 1 axis deviation <=10.0 deg, 2 axes deviation >=50.0 deg (diff <=10.0 deg), rotation angle >=50.0 deg
  OR: 1 axis deviation <=15.0 deg, 2 axes deviation >=145.0 deg (diff <=10.0 deg), rotation angle >=145.0 deg
  Relative rotation from frame 2:
    Rotation angle: 0.75 deg
    Rotation axis: [-0.16842303922198582, 0.18610417711150745, 0.9679870428476189]
  Angle not in trigger range, no correction needed.
==================================================
Processing Frame 4 (index 4)
==================================================

--- Step 1: Position Outlier Detection ---
  No position outlier detected.

--- Step 2: Axis Angle Orientation Check ---
  X-axis angle: 0.32 deg
  Y-axis angle: 0.35 deg
  Z-axis angle: 0.14 deg
  Criteria not met, proceeding to Step 3.

--- Step 3: Specific Angle Range Rotation Correction ---
  Trigger ranges: [60.0-120.0] deg or [140.0-180.0] deg
  OR: 1 axis deviation <=10.0 deg, 2 axes deviation >=50.0 deg (diff <=10.0 deg), rotation angle >=50.0 deg
  OR: 1 axis deviation <=15.0 deg, 2 axes deviation >=145.0 deg (diff <=10.0 deg), rotation angle >=145.0 deg
  Relative rotation from frame 3:
    Rotation angle: 0.35 deg
    Rotation axis: [-0.3975653921385922, -0.013983497179967285, 0.9174672859455563]
  Angle not in trigger range, no correction needed.
==================================================
Processing Frame 5 (index 5)
==================================================

--- Step 1: Position Outlier Detection ---
  No position outlier detected.

--- Step 2: Axis Angle Orientation Check ---
  X-axis angle: 0.90 deg
  Y-axis angle: 0.31 deg
  Z-axis angle: 0.86 deg
  Criteria not met, proceeding to Step 3.

--- Step 3: Specific Angle Range Rotation Correction ---
  Trigger ranges: [60.0-120.0] deg or [140.0-180.0] deg
  OR: 1 axis deviation <=10.0 deg, 2 axes deviation >=50.0 deg (diff <=10.0 deg), rotation angle >=50.0 deg
  OR: 1 axis deviation <=15.0 deg, 2 axes deviation >=145.0 deg (diff <=10.0 deg), rotation angle >=145.0 deg
  Relative rotation from frame 4:
    Rotation angle: 0.91 deg
    Rotation axis: [0.14096926343654925, -0.9417343029632514, 0.30539182927589226]
  Angle not in trigger range, no correction needed.
==================================================
Processing Frame 6 (index 6)
==================================================

--- Step 1: Position Outlier Detection ---
  No position outlier detected.

--- Step 2: Axis Angle Orientation Check ---
  X-axis angle: 1.63 deg
  Y-axis angle: 0.51 deg
  Z-axis angle: 1.60 deg
  Criteria not met, proceeding to Step 3.

--- Step 3: Specific Angle Range Rotation Correction ---
  Trigger ranges: [60.0-120.0] deg or [140.0-180.0] deg
  OR: 1 axis deviation <=10.0 deg, 2 axes deviation >=50.0 deg (diff <=10.0 deg), rotation angle >=50.0 deg
  OR: 1 axis deviation <=15.0 deg, 2 axes deviation >=145.0 deg (diff <=10.0 deg), rotation angle >=145.0 deg
  Relative rotation from frame 5:
    Rotation angle: 1.65 deg
    Rotation axis: [-0.15690391930056108, 0.9517286408736715, -0.2638062816706174]
  Angle not in trigger range, no correction needed.
==================================================
Processing Frame 7 (index 7)
==================================================

--- Step 1: Position Outlier Detection ---
  No position outlier detected.

--- Step 2: Axis Angle Orientation Check ---
  X-axis angle: 0.62 deg
  Y-axis angle: 0.45 deg
  Z-axis angle: 0.43 deg
  Criteria not met, proceeding to Step 3.

--- Step 3: Specific Angle Range Rotation Correction ---
  Trigger ranges: [60.0-120.0] deg or [140.0-180.0] deg
  OR: 1 axis deviation <=10.0 deg, 2 axes deviation >=50.0 deg (diff <=10.0 deg), rotation angle >=50.0 deg
  OR: 1 axis deviation <=15.0 deg, 2 axes deviation >=145.0 deg (diff <=10.0 deg), rotation angle >=145.0 deg
  Relative rotation from frame 6:
    Rotation angle: 0.62 deg
    Rotation axis: [0.055392399620269636, -0.6890491872532584, 0.7225945610160186]
  Angle not in trigger range, no correction needed.
==================================================
Processing Frame 8 (index 8)
==================================================

--- Step 1: Position Outlier Detection ---
  No position outlier detected.

--- Step 2: Axis Angle Orientation Check ---
  X-axis angle: 0.26 deg
  Y-axis angle: 0.22 deg
  Z-axis angle: 0.19 deg
  Criteria not met, proceeding to Step 3.

--- Step 3: Specific Angle Range Rotation Correction ---
  Trigger ranges: [60.0-120.0] deg or [140.0-180.0] deg
  OR: 1 axis deviation <=10.0 deg, 2 axes deviation >=50.0 deg (diff <=10.0 deg), rotation angle >=50.0 deg
  OR: 1 axis deviation <=15.0 deg, 2 axes deviation >=145.0 deg (diff <=10.0 deg), rotation angle >=145.0 deg
  Relative rotation from frame 7:
    Rotation angle: 0.28 deg
    Rotation axis: [-0.32950303690413935, -0.6140415410099915, -0.7172034122792671]
  Angle not in trigger range, no correction needed.
==================================================
Processing Frame 9 (index 9)
==================================================

--- Step 1: Position Outlier Detection ---
  No position outlier detected.

--- Step 2: Axis Angle Orientation Check ---
  X-axis angle: 0.27 deg
  Y-axis angle: 0.11 deg
  Z-axis angle: 0.29 deg
  Criteria not met, proceeding to Step 3.

--- Step 3: Specific Angle Range Rotation Correction ---
  Trigger ranges: [60.0-120.0] deg or [140.0-180.0] deg
  OR: 1 axis deviation <=10.0 deg, 2 axes deviation >=50.0 deg (diff <=10.0 deg), rotation angle >=50.0 deg
  OR: 1 axis deviation <=15.0 deg, 2 axes deviation >=145.0 deg (diff <=10.0 deg), rotation angle >=145.0 deg
  Relative rotation from frame 8:
    Rotation angle: 0.29 deg
    Rotation axis: [-0.3710515280357609, 0.9185495725384295, -0.13633578522088532]
  Angle not in trigger range, no correction needed.
==================================================
Processing Frame 10 (index 10)
==================================================

--- Step 1: Position Outlier Detection ---
  No position outlier detected.

--- Step 2: Axis Angle Orientation Check ---
  X-axis angle: 0.07 deg
  Y-axis angle: 0.11 deg
  Z-axis angle: 0.12 deg
  Criteria not met, proceeding to Step 3.

--- Step 3: Specific Angle Range Rotation Correction ---
  Trigger ranges: [60.0-120.0] deg or [140.0-180.0] deg
  OR: 1 axis deviation <=10.0 deg, 2 axes deviation >=50.0 deg (diff <=10.0 deg), rotation angle >=50.0 deg
  OR: 1 axis deviation <=15.0 deg, 2 axes deviation >=145.0 deg (diff <=10.0 deg), rotation angle >=145.0 deg
  Relative rotation from frame 9:
    Rotation angle: 0.12 deg
    Rotation axis: [0.8346477640117522, -0.40038212949261665, 0.3782291110069926]
  Angle not in trigger range, no correction needed.
==================================================
Processing Frame 11 (index 11)
==================================================

--- Step 1: Position Outlier Detection ---
  No position outlier detected.

--- Step 2: Axis Angle Orientation Check ---
  X-axis angle: 0.10 deg
  Y-axis angle: 0.12 deg
  Z-axis angle: 0.11 deg
  Criteria not met, proceeding to Step 3.

--- Step 3: Specific Angle Range Rotation Correction ---
  Trigger ranges: [60.0-120.0] deg or [140.0-180.0] deg
  OR: 1 axis deviation <=10.0 deg, 2 axes deviation >=50.0 deg (diff <=10.0 deg), rotation angle >=50.0 deg
  OR: 1 axis deviation <=15.0 deg, 2 axes deviation >=145.0 deg (diff <=10.0 deg), rotation angle >=145.0 deg
  Relative rotation from frame 10:
    Rotation angle: 0.13 deg
    Rotation axis: [-0.6360083170604552, -0.5020157212805966, -0.5860662387623516]
  Angle not in trigger range, no correction needed.
==================================================
Processing Frame 12 (index 12)
==================================================

--- Step 1: Position Outlier Detection ---
  No position outlier detected.

--- Step 2: Axis Angle Orientation Check ---
  X-axis angle: 1.54 deg
  Y-axis angle: 1.30 deg
  Z-axis angle: 0.90 deg
  Criteria not met, proceeding to Step 3.

--- Step 3: Specific Angle Range Rotation Correction ---
  Trigger ranges: [60.0-120.0] deg or [140.0-180.0] deg
  OR: 1 axis deviation <=10.0 deg, 2 axes deviation >=50.0 deg (diff <=10.0 deg), rotation angle >=50.0 deg
  OR: 1 axis deviation <=15.0 deg, 2 axes deviation >=145.0 deg (diff <=10.0 deg), rotation angle >=145.0 deg
  Relative rotation from frame 11:
    Rotation angle: 1.56 deg
    Rotation axis: [0.1609373785749461, -0.5517858801336374, -0.8183101506535108]
  Angle not in trigger range, no correction needed.
==================================================
Processing Frame 13 (index 13)
==================================================

--- Step 1: Position Outlier Detection ---
  No position outlier detected.

--- Step 2: Axis Angle Orientation Check ---
  X-axis angle: 33.85 deg
  Y-axis angle: 33.89 deg
  Z-axis angle: 2.18 deg
  Criteria not met, proceeding to Step 3.

--- Step 3: Specific Angle Range Rotation Correction ---
  Trigger ranges: [60.0-120.0] deg or [140.0-180.0] deg
  OR: 1 axis deviation <=10.0 deg, 2 axes deviation >=50.0 deg (diff <=10.0 deg), rotation angle >=50.0 deg
  OR: 1 axis deviation <=15.0 deg, 2 axes deviation >=145.0 deg (diff <=10.0 deg), rotation angle >=145.0 deg
  Relative rotation from frame 12:
    Rotation angle: 33.91 deg
    Rotation axis: [-0.05645245917189403, 0.03273347677909622, -0.9978685481321665]
  Angle not in trigger range, no correction needed.
==================================================
Processing Frame 14 (index 14)
==================================================

--- Step 1: Position Outlier Detection ---
  No position outlier detected.

--- Step 2: Axis Angle Orientation Check ---
  X-axis angle: 90.75 deg
  Y-axis angle: 30.45 deg
  Z-axis angle: 89.39 deg
  Criteria not met, proceeding to Step 3.

--- Step 3: Specific Angle Range Rotation Correction ---
  Trigger ranges: [60.0-120.0] deg or [140.0-180.0] deg
  OR: 1 axis deviation <=10.0 deg, 2 axes deviation >=50.0 deg (diff <=10.0 deg), rotation angle >=50.0 deg
  OR: 1 axis deviation <=15.0 deg, 2 axes deviation >=145.0 deg (diff <=10.0 deg), rotation angle >=145.0 deg
  Relative rotation from frame 13:
    Rotation angle: 94.02 deg
    Rotation axis: [-0.23111217810941345, -0.9333424979741668, -0.2746979115407782]
✓ Rotation angle in trigger range! Applying axis correction.
  -> Correcting along Y axis
==================================================
Processing Frame 15 (index 15)
==================================================

--- Step 1: Position Outlier Detection ---
  No position outlier detected.

--- Step 2: Axis Angle Orientation Check ---
  X-axis angle: 90.48 deg
  Y-axis angle: 7.54 deg
  Z-axis angle: 90.49 deg
  Criteria not met, proceeding to Step 3.

--- Step 3: Specific Angle Range Rotation Correction ---
  Trigger ranges: [60.0-120.0] deg or [140.0-180.0] deg
  OR: 1 axis deviation <=10.0 deg, 2 axes deviation >=50.0 deg (diff <=10.0 deg), rotation angle >=50.0 deg
  OR: 1 axis deviation <=15.0 deg, 2 axes deviation >=145.0 deg (diff <=10.0 deg), rotation angle >=145.0 deg
  Relative rotation from frame 14:
    Rotation angle: 90.73 deg
    Rotation axis: [-0.065930836146929, -0.9957269310030119, -0.06466068140910611]
✓ Rotation angle in trigger range! Applying axis correction.
  -> Correcting along Y axis
==================================================
Processing Frame 16 (index 16)
==================================================

--- Step 1: Position Outlier Detection ---
  No position outlier detected.

--- Step 2: Axis Angle Orientation Check ---
  X-axis angle: 1.45 deg
  Y-axis angle: 90.11 deg
  Z-axis angle: 90.12 deg
  Criteria not met, proceeding to Step 3.

--- Step 3: Specific Angle Range Rotation Correction ---
  Trigger ranges: [60.0-120.0] deg or [140.0-180.0] deg
  OR: 1 axis deviation <=10.0 deg, 2 axes deviation >=50.0 deg (diff <=10.0 deg), rotation angle >=50.0 deg
  OR: 1 axis deviation <=15.0 deg, 2 axes deviation >=145.0 deg (diff <=10.0 deg), rotation angle >=145.0 deg
  Relative rotation from frame 15:
    Rotation angle: 90.13 deg
    Rotation axis: [0.9998403058380515, 0.016472593643730743, -0.00692939249285495]
✓ Rotation angle in trigger range! Applying axis correction.
  -> Correcting along X axis
==================================================
Processing Frame 17 (index 17)
==================================================

--- Step 1: Position Outlier Detection ---
  No position outlier detected.

--- Step 2: Axis Angle Orientation Check ---
  X-axis angle: 1.30 deg
  Y-axis angle: 92.84 deg
  Z-axis angle: 92.84 deg
  Criteria not met, proceeding to Step 3.

--- Step 3: Specific Angle Range Rotation Correction ---
  Trigger ranges: [60.0-120.0] deg or [140.0-180.0] deg
  OR: 1 axis deviation <=10.0 deg, 2 axes deviation >=50.0 deg (diff <=10.0 deg), rotation angle >=50.0 deg
  OR: 1 axis deviation <=15.0 deg, 2 axes deviation >=145.0 deg (diff <=10.0 deg), rotation angle >=145.0 deg
  Relative rotation from frame 16:
    Rotation angle: 92.85 deg
    Rotation axis: [0.9998774552801618, -0.013767007722670994, -0.007452779403132764]
✓ Rotation angle in trigger range! Applying axis correction.
  -> Correcting along X axis
==================================================
Processing Frame 18 (index 18)
==================================================

--- Step 1: Position Outlier Detection ---
  No position outlier detected.

--- Step 2: Axis Angle Orientation Check ---
  X-axis angle: 0.25 deg
  Y-axis angle: 88.78 deg
  Z-axis angle: 88.78 deg
  Criteria not met, proceeding to Step 3.

--- Step 3: Specific Angle Range Rotation Correction ---
  Trigger ranges: [60.0-120.0] deg or [140.0-180.0] deg
  OR: 1 axis deviation <=10.0 deg, 2 axes deviation >=50.0 deg (diff <=10.0 deg), rotation angle >=50.0 deg
  OR: 1 axis deviation <=15.0 deg, 2 axes deviation >=145.0 deg (diff <=10.0 deg), rotation angle >=145.0 deg
  Relative rotation from frame 17:
    Rotation angle: 88.78 deg
    Rotation axis: [0.9999952415615577, -0.002059424677022061, -0.002296872709007224]
✓ Rotation angle in trigger range! Applying axis correction.
  -> Correcting along X axis
==================================================
Processing Frame 19 (index 19)
==================================================

--- Step 1: Position Outlier Detection ---
✓ Position outlier detected!
  Original position: [0.05575567111372948, -0.06308981031179428, 0.829939067363739]
  Corrected position: [0.05527070164680481, -0.06152493320405483, 0.8302977085113525]

--- Step 2: Axis Angle Orientation Check ---
  X-axis angle: 0.00 deg
  Y-axis angle: 88.77 deg
  Z-axis angle: 88.77 deg
  Criteria not met, proceeding to Step 3.

--- Step 3: Specific Angle Range Rotation Correction ---
  Trigger ranges: [60.0-120.0] deg or [140.0-180.0] deg
  OR: 1 axis deviation <=10.0 deg, 2 axes deviation >=50.0 deg (diff <=10.0 deg), rotation angle >=50.0 deg
  OR: 1 axis deviation <=15.0 deg, 2 axes deviation >=145.0 deg (diff <=10.0 deg), rotation angle >=145.0 deg
  Relative rotation from frame 18:
    Rotation angle: 88.77 deg
    Rotation axis: [0.9999999810904611, 0.0001916225730866719, 3.316424181491017e-05]
✓ Rotation angle in trigger range! Applying axis correction.
  -> Correcting along X axis
==================================================
Processing Frame 20 (index 20)
==================================================

--- Step 1: Position Outlier Detection ---
  No position outlier detected.

--- Step 2: Axis Angle Orientation Check ---
  X-axis angle: 0.54 deg
  Y-axis angle: 90.50 deg
  Z-axis angle: 90.50 deg
  Criteria not met, proceeding to Step 3.

--- Step 3: Specific Angle Range Rotation Correction ---
  Trigger ranges: [60.0-120.0] deg or [140.0-180.0] deg
  OR: 1 axis deviation <=10.0 deg, 2 axes deviation >=50.0 deg (diff <=10.0 deg), rotation angle >=50.0 deg
  OR: 1 axis deviation <=15.0 deg, 2 axes deviation >=145.0 deg (diff <=10.0 deg), rotation angle >=145.0 deg
  Relative rotation from frame 19:
    Rotation angle: 90.50 deg
    Rotation axis: [0.9999778129404355, 0.0055004405640109305, 0.00375749656887018]
✓ Rotation angle in trigger range! Applying axis correction.
  -> Correcting along X axis
==================================================
Processing Frame 21 (index 21)
==================================================

--- Step 1: Position Outlier Detection ---
  No position outlier detected.

--- Step 2: Axis Angle Orientation Check ---
  X-axis angle: 0.36 deg
  Y-axis angle: 89.63 deg
  Z-axis angle: 89.63 deg
  Criteria not met, proceeding to Step 3.

--- Step 3: Specific Angle Range Rotation Correction ---
  Trigger ranges: [60.0-120.0] deg or [140.0-180.0] deg
  OR: 1 axis deviation <=10.0 deg, 2 axes deviation >=50.0 deg (diff <=10.0 deg), rotation angle >=50.0 deg
  OR: 1 axis deviation <=15.0 deg, 2 axes deviation >=145.0 deg (diff <=10.0 deg), rotation angle >=145.0 deg
  Relative rotation from frame 20:
    Rotation angle: 89.63 deg
    Rotation axis: [0.9999897143838441, -0.003317003443821372, -0.0030933177450199077]
✓ Rotation angle in trigger range! Applying axis correction.
  -> Correcting along X axis
